2021-07-03 17:34:51.493  INFO 6268 --- [http-nio-8080-exec-3] c.c.cripto.controllers.HomeController    : Ingreso HomeController con datos - moneda: BTC tiempo: 1 movimiento: 1
2021-07-03 17:34:51.582  INFO 6268 --- [http-nio-8080-exec-3] c.c.cripto.controllers.HomeController    : Ingreso al Home Service
2021-07-03 17:34:52.353  INFO 6268 --- [http-nio-8080-exec-3] c.c.cripto.controllers.HomeController    : Se intenta parsear el String
2021-07-03 17:34:56.997  INFO 6268 --- [http-nio-8080-exec-4] c.c.cripto.controllers.HomeController    : Ingreso HomeController con datos - moneda: BTC tiempo: 1 movimiento: 1
2021-07-03 17:34:56.999  INFO 6268 --- [http-nio-8080-exec-4] c.c.cripto.controllers.HomeController    : Ingreso al Home Service
2021-07-03 17:34:57.789  INFO 6268 --- [http-nio-8080-exec-4] c.c.cripto.controllers.HomeController    : Se intenta parsear el String
2021-07-03 17:35:06.278  INFO 6268 --- [http-nio-8080-exec-5] c.c.cripto.controllers.HomeController    : Ingreso HomeController con datos - moneda: USDT tiempo: 1 movimiento: 1
2021-07-03 17:35:06.278  INFO 6268 --- [http-nio-8080-exec-5] c.c.cripto.controllers.HomeController    : Ingreso al Home Service
2021-07-03 17:35:07.199  INFO 6268 --- [http-nio-8080-exec-5] c.c.cripto.controllers.HomeController    : Se intenta parsear el String
2021-07-03 17:50:34.122  INFO 296 --- [restartedMain] com.cherso.cripto.CriptoApplication      : Starting CriptoApplication using Java 1.8.0_131 on SISTEMASP62 with PID 296 (C:\REPO_GIT\cripto\target\classes started by cersosimof in C:\REPO_GIT\cripto)
2021-07-03 17:50:34.129  INFO 296 --- [restartedMain] com.cherso.cripto.CriptoApplication      : No active profile set, falling back to default profiles: default
2021-07-03 17:50:34.236  INFO 296 --- [restartedMain] .e.DevToolsPropertyDefaultsPostProcessor : Devtools property defaults active! Set 'spring.devtools.add-properties' to 'false' to disable
2021-07-03 17:50:34.236  INFO 296 --- [restartedMain] .e.DevToolsPropertyDefaultsPostProcessor : For additional web related logging consider setting the 'logging.level.web' property to 'DEBUG'
2021-07-03 17:50:35.687  INFO 296 --- [restartedMain] o.s.b.w.embedded.tomcat.TomcatWebServer  : Tomcat initialized with port(s): 8080 (http)
2021-07-03 17:50:35.709  INFO 296 --- [restartedMain] o.apache.catalina.core.StandardService   : Starting service [Tomcat]
2021-07-03 17:50:35.709  INFO 296 --- [restartedMain] org.apache.catalina.core.StandardEngine  : Starting Servlet engine: [Apache Tomcat/9.0.48]
2021-07-03 17:50:35.912  INFO 296 --- [restartedMain] o.a.c.c.C.[Tomcat].[localhost].[/]       : Initializing Spring embedded WebApplicationContext
2021-07-03 17:50:35.912  INFO 296 --- [restartedMain] w.s.c.ServletWebServerApplicationContext : Root WebApplicationContext: initialization completed in 1675 ms
2021-07-03 17:50:36.394  INFO 296 --- [restartedMain] o.s.b.d.a.OptionalLiveReloadServer       : LiveReload server is running on port 35729
2021-07-03 17:50:36.436  INFO 296 --- [restartedMain] o.s.b.w.embedded.tomcat.TomcatWebServer  : Tomcat started on port(s): 8080 (http) with context path ''
2021-07-03 17:50:36.447  INFO 296 --- [restartedMain] com.cherso.cripto.CriptoApplication      : Started CriptoApplication in 3.006 seconds (JVM running for 4.496)
2021-07-03 17:51:43.717  INFO 296 --- [http-nio-8080-exec-1] o.a.c.c.C.[Tomcat].[localhost].[/]       : Initializing Spring DispatcherServlet 'dispatcherServlet'
2021-07-03 17:51:43.719  INFO 296 --- [http-nio-8080-exec-1] o.s.web.servlet.DispatcherServlet        : Initializing Servlet 'dispatcherServlet'
2021-07-03 17:51:43.722  INFO 296 --- [http-nio-8080-exec-1] o.s.web.servlet.DispatcherServlet        : Completed initialization in 2 ms
2021-07-03 17:51:49.864  INFO 296 --- [http-nio-8080-exec-2] c.c.cripto.controllers.HomeController    : Ingreso HomeController con datos - moneda: USDT tiempo: 1 movimiento: 1
2021-07-03 17:51:49.864  INFO 296 --- [http-nio-8080-exec-2] c.c.cripto.controllers.HomeController    : Ingreso al Home Service
2021-07-03 17:51:51.947  INFO 296 --- [http-nio-8080-exec-2] c.c.cripto.controllers.HomeController    : Se intenta parsear el String
2021-07-03 17:51:53.235  INFO 296 --- [AWT-EventQueue-0] c.c.cripto.controllers.HomeController    : SE ESTA EJEUTANDO ESTA MIERDA
2021-07-03 17:51:54.231  INFO 296 --- [AWT-EventQueue-0] c.c.cripto.controllers.HomeController    : SE ESTA EJEUTANDO ESTA MIERDA
2021-07-03 17:51:55.243  INFO 296 --- [AWT-EventQueue-0] c.c.cripto.controllers.HomeController    : SE ESTA EJEUTANDO ESTA MIERDA
2021-07-03 17:51:56.263  INFO 296 --- [AWT-EventQueue-0] c.c.cripto.controllers.HomeController    : SE ESTA EJEUTANDO ESTA MIERDA
2021-07-03 17:51:57.268  INFO 296 --- [AWT-EventQueue-0] c.c.cripto.controllers.HomeController    : SE ESTA EJEUTANDO ESTA MIERDA
2021-07-03 17:51:58.273  INFO 296 --- [AWT-EventQueue-0] c.c.cripto.controllers.HomeController    : SE ESTA EJEUTANDO ESTA MIERDA
2021-07-03 17:51:59.276  INFO 296 --- [AWT-EventQueue-0] c.c.cripto.controllers.HomeController    : SE ESTA EJEUTANDO ESTA MIERDA
2021-07-03 17:52:00.280  INFO 296 --- [AWT-EventQueue-0] c.c.cripto.controllers.HomeController    : SE ESTA EJEUTANDO ESTA MIERDA
2021-07-03 17:52:01.297  INFO 296 --- [AWT-EventQueue-0] c.c.cripto.controllers.HomeController    : SE ESTA EJEUTANDO ESTA MIERDA
2021-07-03 17:52:02.304  INFO 296 --- [AWT-EventQueue-0] c.c.cripto.controllers.HomeController    : SE ESTA EJEUTANDO ESTA MIERDA
2021-07-03 17:52:03.308  INFO 296 --- [AWT-EventQueue-0] c.c.cripto.controllers.HomeController    : SE ESTA EJEUTANDO ESTA MIERDA
2021-07-03 17:52:04.310  INFO 296 --- [AWT-EventQueue-0] c.c.cripto.controllers.HomeController    : SE ESTA EJEUTANDO ESTA MIERDA
2021-07-03 18:14:15.800  INFO 11976 --- [restartedMain] com.cherso.cripto.CriptoApplication      : Starting CriptoApplication using Java 1.8.0_131 on SISTEMASP62 with PID 11976 (C:\REPO_GIT\cripto\target\classes started by cersosimof in C:\REPO_GIT\cripto)
2021-07-03 18:14:15.802  INFO 11976 --- [restartedMain] com.cherso.cripto.CriptoApplication      : No active profile set, falling back to default profiles: default
2021-07-03 18:14:15.868  INFO 11976 --- [restartedMain] .e.DevToolsPropertyDefaultsPostProcessor : Devtools property defaults active! Set 'spring.devtools.add-properties' to 'false' to disable
2021-07-03 18:14:15.869  INFO 11976 --- [restartedMain] .e.DevToolsPropertyDefaultsPostProcessor : For additional web related logging consider setting the 'logging.level.web' property to 'DEBUG'
2021-07-03 18:14:16.984  INFO 11976 --- [restartedMain] o.s.b.w.embedded.tomcat.TomcatWebServer  : Tomcat initialized with port(s): 8080 (http)
2021-07-03 18:14:16.998  INFO 11976 --- [restartedMain] o.apache.catalina.core.StandardService   : Starting service [Tomcat]
2021-07-03 18:14:16.999  INFO 11976 --- [restartedMain] org.apache.catalina.core.StandardEngine  : Starting Servlet engine: [Apache Tomcat/9.0.48]
2021-07-03 18:14:17.223  INFO 11976 --- [restartedMain] o.a.c.c.C.[Tomcat].[localhost].[/]       : Initializing Spring embedded WebApplicationContext
2021-07-03 18:14:17.223  INFO 11976 --- [restartedMain] w.s.c.ServletWebServerApplicationContext : Root WebApplicationContext: initialization completed in 1354 ms
2021-07-03 18:14:17.647  INFO 11976 --- [restartedMain] o.s.b.d.a.OptionalLiveReloadServer       : LiveReload server is running on port 35729
2021-07-03 18:14:17.691  INFO 11976 --- [restartedMain] o.s.b.w.embedded.tomcat.TomcatWebServer  : Tomcat started on port(s): 8080 (http) with context path ''
2021-07-03 18:14:17.700  INFO 11976 --- [restartedMain] com.cherso.cripto.CriptoApplication      : Started CriptoApplication in 2.443 seconds (JVM running for 3.777)
2021-07-03 18:14:34.199  INFO 11976 --- [http-nio-8080-exec-1] o.a.c.c.C.[Tomcat].[localhost].[/]       : Initializing Spring DispatcherServlet 'dispatcherServlet'
2021-07-03 18:14:34.199  INFO 11976 --- [http-nio-8080-exec-1] o.s.web.servlet.DispatcherServlet        : Initializing Servlet 'dispatcherServlet'
2021-07-03 18:14:34.200  INFO 11976 --- [http-nio-8080-exec-1] o.s.web.servlet.DispatcherServlet        : Completed initialization in 1 ms
2021-07-03 18:14:37.969  INFO 11976 --- [http-nio-8080-exec-2] c.c.cripto.controllers.HomeController    : Ingreso HomeController con datos - moneda: USDT tiempo: 1 movimiento: 1
2021-07-03 18:14:37.970  INFO 11976 --- [http-nio-8080-exec-2] c.c.cripto.controllers.HomeController    : Ingreso al Home Service
2021-07-03 18:14:41.583  INFO 11976 --- [http-nio-8080-exec-2] c.c.cripto.controllers.HomeController    : Se intenta parsear el String
2021-07-03 18:15:18.802  INFO 15012 --- [restartedMain] com.cherso.cripto.CriptoApplication      : Starting CriptoApplication using Java 1.8.0_131 on SISTEMASP62 with PID 15012 (C:\REPO_GIT\cripto\target\classes started by cersosimof in C:\REPO_GIT\cripto)
2021-07-03 18:15:18.805  INFO 15012 --- [restartedMain] com.cherso.cripto.CriptoApplication      : No active profile set, falling back to default profiles: default
2021-07-03 18:15:18.872  INFO 15012 --- [restartedMain] .e.DevToolsPropertyDefaultsPostProcessor : Devtools property defaults active! Set 'spring.devtools.add-properties' to 'false' to disable
2021-07-03 18:15:18.872  INFO 15012 --- [restartedMain] .e.DevToolsPropertyDefaultsPostProcessor : For additional web related logging consider setting the 'logging.level.web' property to 'DEBUG'
2021-07-03 18:15:20.061  INFO 15012 --- [restartedMain] o.s.b.w.embedded.tomcat.TomcatWebServer  : Tomcat initialized with port(s): 8080 (http)
2021-07-03 18:15:20.081  INFO 15012 --- [restartedMain] o.apache.catalina.core.StandardService   : Starting service [Tomcat]
2021-07-03 18:15:20.081  INFO 15012 --- [restartedMain] org.apache.catalina.core.StandardEngine  : Starting Servlet engine: [Apache Tomcat/9.0.48]
2021-07-03 18:15:20.292  INFO 15012 --- [restartedMain] o.a.c.c.C.[Tomcat].[localhost].[/]       : Initializing Spring embedded WebApplicationContext
2021-07-03 18:15:20.292  INFO 15012 --- [restartedMain] w.s.c.ServletWebServerApplicationContext : Root WebApplicationContext: initialization completed in 1419 ms
2021-07-03 18:15:20.728  INFO 15012 --- [restartedMain] o.s.b.d.a.OptionalLiveReloadServer       : LiveReload server is running on port 35729
2021-07-03 18:15:20.774  INFO 15012 --- [restartedMain] o.s.b.w.embedded.tomcat.TomcatWebServer  : Tomcat started on port(s): 8080 (http) with context path ''
2021-07-03 18:15:20.783  INFO 15012 --- [restartedMain] com.cherso.cripto.CriptoApplication      : Started CriptoApplication in 2.542 seconds (JVM running for 3.904)
2021-07-03 18:15:26.408  INFO 15012 --- [http-nio-8080-exec-1] o.a.c.c.C.[Tomcat].[localhost].[/]       : Initializing Spring DispatcherServlet 'dispatcherServlet'
2021-07-03 18:15:26.408  INFO 15012 --- [http-nio-8080-exec-1] o.s.web.servlet.DispatcherServlet        : Initializing Servlet 'dispatcherServlet'
2021-07-03 18:15:26.408  INFO 15012 --- [http-nio-8080-exec-1] o.s.web.servlet.DispatcherServlet        : Completed initialization in 0 ms
2021-07-03 18:15:26.477  INFO 15012 --- [http-nio-8080-exec-1] c.c.cripto.controllers.HomeController    : Ingreso HomeController con datos - moneda: USDT tiempo: 1 movimiento: 1
2021-07-03 18:15:26.477  INFO 15012 --- [http-nio-8080-exec-1] c.c.cripto.controllers.HomeController    : Ingreso al Home Service
2021-07-03 18:15:28.432  INFO 15012 --- [http-nio-8080-exec-1] c.c.cripto.controllers.HomeController    : Se intenta parsear el String
2021-07-03 18:15:29.646  INFO 15012 --- [AWT-EventQueue-0] c.c.cripto.controllers.HomeController    : Ingreso al Home Service
2021-07-03 18:15:30.147  INFO 15012 --- [AWT-EventQueue-0] c.c.cripto.controllers.HomeController    : Se intenta parsear el String
2021-07-03 18:15:30.655  INFO 15012 --- [AWT-EventQueue-0] c.c.cripto.controllers.HomeController    : Ingreso al Home Service
2021-07-03 18:15:31.360  INFO 15012 --- [AWT-EventQueue-0] c.c.cripto.controllers.HomeController    : Se intenta parsear el String
2021-07-03 18:15:31.671  INFO 15012 --- [AWT-EventQueue-0] c.c.cripto.controllers.HomeController    : Ingreso al Home Service
2021-07-03 18:15:32.327  INFO 15012 --- [AWT-EventQueue-0] c.c.cripto.controllers.HomeController    : Se intenta parsear el String
2021-07-03 18:15:32.677  INFO 15012 --- [AWT-EventQueue-0] c.c.cripto.controllers.HomeController    : Ingreso al Home Service
2021-07-03 18:15:34.226  INFO 15012 --- [AWT-EventQueue-0] c.c.cripto.controllers.HomeController    : Se intenta parsear el String
2021-07-03 18:15:34.710  INFO 15012 --- [AWT-EventQueue-0] c.c.cripto.controllers.HomeController    : Ingreso al Home Service
2021-07-03 18:15:35.337  INFO 15012 --- [AWT-EventQueue-0] c.c.cripto.controllers.HomeController    : Se intenta parsear el String
2021-07-03 18:15:35.735  INFO 15012 --- [AWT-EventQueue-0] c.c.cripto.controllers.HomeController    : Ingreso al Home Service
2021-07-03 18:15:37.389  INFO 15012 --- [AWT-EventQueue-0] c.c.cripto.controllers.HomeController    : Se intenta parsear el String
2021-07-03 18:15:37.763  INFO 15012 --- [AWT-EventQueue-0] c.c.cripto.controllers.HomeController    : Ingreso al Home Service
2021-07-03 18:15:38.824  INFO 15012 --- [AWT-EventQueue-0] c.c.cripto.controllers.HomeController    : Se intenta parsear el String
2021-07-03 18:15:39.768  INFO 15012 --- [AWT-EventQueue-0] c.c.cripto.controllers.HomeController    : Ingreso al Home Service
2021-07-03 18:15:40.810  INFO 15012 --- [AWT-EventQueue-0] c.c.cripto.controllers.HomeController    : Se intenta parsear el String
2021-07-03 18:15:41.776  INFO 15012 --- [AWT-EventQueue-0] c.c.cripto.controllers.HomeController    : Ingreso al Home Service
2021-07-03 18:15:42.680  INFO 15012 --- [AWT-EventQueue-0] c.c.cripto.controllers.HomeController    : Se intenta parsear el String
2021-07-03 18:15:42.779  INFO 15012 --- [AWT-EventQueue-0] c.c.cripto.controllers.HomeController    : Ingreso al Home Service
2021-07-03 18:15:43.800  INFO 15012 --- [AWT-EventQueue-0] c.c.cripto.controllers.HomeController    : Se intenta parsear el String
2021-07-03 18:15:44.783  INFO 15012 --- [AWT-EventQueue-0] c.c.cripto.controllers.HomeController    : Ingreso al Home Service
2021-07-03 18:15:45.918  INFO 15012 --- [AWT-EventQueue-0] c.c.cripto.controllers.HomeController    : Se intenta parsear el String
2021-07-03 18:15:46.789  INFO 15012 --- [AWT-EventQueue-0] c.c.cripto.controllers.HomeController    : Ingreso al Home Service
2021-07-03 18:15:47.389  INFO 15012 --- [AWT-EventQueue-0] c.c.cripto.controllers.HomeController    : Se intenta parsear el String
2021-07-03 18:15:47.801  INFO 15012 --- [AWT-EventQueue-0] c.c.cripto.controllers.HomeController    : Ingreso al Home Service
2021-07-03 18:15:48.479  INFO 15012 --- [AWT-EventQueue-0] c.c.cripto.controllers.HomeController    : Se intenta parsear el String
2021-07-03 18:15:48.818  INFO 15012 --- [AWT-EventQueue-0] c.c.cripto.controllers.HomeController    : Ingreso al Home Service
2021-07-03 18:15:49.844  INFO 15012 --- [AWT-EventQueue-0] c.c.cripto.controllers.HomeController    : Se intenta parsear el String
2021-07-03 18:22:37.608  INFO 24940 --- [restartedMain] com.cherso.cripto.CriptoApplication      : Starting CriptoApplication using Java 1.8.0_131 on SISTEMASP62 with PID 24940 (C:\REPO_GIT\cripto\target\classes started by cersosimof in C:\REPO_GIT\cripto)
2021-07-03 18:22:37.611  INFO 24940 --- [restartedMain] com.cherso.cripto.CriptoApplication      : No active profile set, falling back to default profiles: default
2021-07-03 18:22:37.693  INFO 24940 --- [restartedMain] .e.DevToolsPropertyDefaultsPostProcessor : Devtools property defaults active! Set 'spring.devtools.add-properties' to 'false' to disable
2021-07-03 18:22:37.694  INFO 24940 --- [restartedMain] .e.DevToolsPropertyDefaultsPostProcessor : For additional web related logging consider setting the 'logging.level.web' property to 'DEBUG'
2021-07-03 18:22:38.810  INFO 24940 --- [restartedMain] o.s.b.w.embedded.tomcat.TomcatWebServer  : Tomcat initialized with port(s): 8080 (http)
2021-07-03 18:22:38.818  INFO 24940 --- [restartedMain] o.apache.catalina.core.StandardService   : Starting service [Tomcat]
2021-07-03 18:22:38.819  INFO 24940 --- [restartedMain] org.apache.catalina.core.StandardEngine  : Starting Servlet engine: [Apache Tomcat/9.0.48]
2021-07-03 18:22:39.065  INFO 24940 --- [restartedMain] o.a.c.c.C.[Tomcat].[localhost].[/]       : Initializing Spring embedded WebApplicationContext
2021-07-03 18:22:39.065  INFO 24940 --- [restartedMain] w.s.c.ServletWebServerApplicationContext : Root WebApplicationContext: initialization completed in 1371 ms
2021-07-03 18:22:39.500  INFO 24940 --- [restartedMain] o.s.b.d.a.OptionalLiveReloadServer       : LiveReload server is running on port 35729
2021-07-03 18:22:39.536  INFO 24940 --- [restartedMain] o.s.b.w.embedded.tomcat.TomcatWebServer  : Tomcat started on port(s): 8080 (http) with context path ''
2021-07-03 18:22:39.544  INFO 24940 --- [restartedMain] com.cherso.cripto.CriptoApplication      : Started CriptoApplication in 2.477 seconds (JVM running for 3.867)
2021-07-03 18:27:59.251  INFO 23084 --- [restartedMain] com.cherso.cripto.CriptoApplication      : Starting CriptoApplication using Java 1.8.0_131 on SISTEMASP62 with PID 23084 (C:\REPO_GIT\cripto\target\classes started by cersosimof in C:\REPO_GIT\cripto)
2021-07-03 18:27:59.256  INFO 23084 --- [restartedMain] com.cherso.cripto.CriptoApplication      : No active profile set, falling back to default profiles: default
2021-07-03 18:27:59.421  INFO 23084 --- [restartedMain] .e.DevToolsPropertyDefaultsPostProcessor : Devtools property defaults active! Set 'spring.devtools.add-properties' to 'false' to disable
2021-07-03 18:27:59.421  INFO 23084 --- [restartedMain] .e.DevToolsPropertyDefaultsPostProcessor : For additional web related logging consider setting the 'logging.level.web' property to 'DEBUG'
2021-07-03 18:28:00.438  INFO 23084 --- [restartedMain] o.s.b.w.embedded.tomcat.TomcatWebServer  : Tomcat initialized with port(s): 8080 (http)
2021-07-03 18:28:00.446  INFO 23084 --- [restartedMain] o.apache.catalina.core.StandardService   : Starting service [Tomcat]
2021-07-03 18:28:00.446  INFO 23084 --- [restartedMain] org.apache.catalina.core.StandardEngine  : Starting Servlet engine: [Apache Tomcat/9.0.48]
2021-07-03 18:28:00.674  INFO 23084 --- [restartedMain] o.a.c.c.C.[Tomcat].[localhost].[/]       : Initializing Spring embedded WebApplicationContext
2021-07-03 18:28:00.674  INFO 23084 --- [restartedMain] w.s.c.ServletWebServerApplicationContext : Root WebApplicationContext: initialization completed in 1253 ms
2021-07-03 18:28:01.116  INFO 23084 --- [restartedMain] o.s.b.d.a.OptionalLiveReloadServer       : LiveReload server is running on port 35729
2021-07-03 18:28:01.155  INFO 23084 --- [restartedMain] o.s.b.w.embedded.tomcat.TomcatWebServer  : Tomcat started on port(s): 8080 (http) with context path ''
2021-07-03 18:28:01.164  INFO 23084 --- [restartedMain] com.cherso.cripto.CriptoApplication      : Started CriptoApplication in 2.46 seconds (JVM running for 3.898)
2021-07-03 18:28:16.520  INFO 23084 --- [Bot Movimientos Telegram Executor] c.c.c.controllers.TelegramBotController  : 
2021-07-03 18:28:20.647  INFO 23084 --- [Bot Movimientos Telegram Executor] c.c.c.controllers.TelegramBotController  : 
2021-07-03 18:29:45.869  INFO 3852 --- [restartedMain] com.cherso.cripto.CriptoApplication      : Starting CriptoApplication using Java 1.8.0_131 on SISTEMASP62 with PID 3852 (C:\REPO_GIT\cripto\target\classes started by cersosimof in C:\REPO_GIT\cripto)
2021-07-03 18:29:45.875  INFO 3852 --- [restartedMain] com.cherso.cripto.CriptoApplication      : No active profile set, falling back to default profiles: default
2021-07-03 18:29:45.955  INFO 3852 --- [restartedMain] .e.DevToolsPropertyDefaultsPostProcessor : Devtools property defaults active! Set 'spring.devtools.add-properties' to 'false' to disable
2021-07-03 18:29:45.955  INFO 3852 --- [restartedMain] .e.DevToolsPropertyDefaultsPostProcessor : For additional web related logging consider setting the 'logging.level.web' property to 'DEBUG'
2021-07-03 18:29:47.069  INFO 3852 --- [restartedMain] o.s.b.w.embedded.tomcat.TomcatWebServer  : Tomcat initialized with port(s): 8080 (http)
2021-07-03 18:29:47.078  INFO 3852 --- [restartedMain] o.apache.catalina.core.StandardService   : Starting service [Tomcat]
2021-07-03 18:29:47.078  INFO 3852 --- [restartedMain] org.apache.catalina.core.StandardEngine  : Starting Servlet engine: [Apache Tomcat/9.0.48]
2021-07-03 18:29:47.336  INFO 3852 --- [restartedMain] o.a.c.c.C.[Tomcat].[localhost].[/]       : Initializing Spring embedded WebApplicationContext
2021-07-03 18:29:47.337  INFO 3852 --- [restartedMain] w.s.c.ServletWebServerApplicationContext : Root WebApplicationContext: initialization completed in 1321 ms
2021-07-03 18:29:47.771  INFO 3852 --- [restartedMain] o.s.b.d.a.OptionalLiveReloadServer       : LiveReload server is running on port 35729
2021-07-03 18:29:47.805  INFO 3852 --- [restartedMain] o.s.b.w.embedded.tomcat.TomcatWebServer  : Tomcat started on port(s): 8080 (http) with context path ''
2021-07-03 18:29:47.815  INFO 3852 --- [restartedMain] com.cherso.cripto.CriptoApplication      : Started CriptoApplication in 2.502 seconds (JVM running for 3.89)
2021-07-03 18:29:54.880  INFO 3852 --- [Bot Movimientos Telegram Executor] c.c.c.controllers.TelegramBotController  : Hola bot
2021-07-03 18:34:41.649  INFO 3852 --- [Bot Movimientos Telegram Executor] c.c.c.controllers.TelegramBotController  : /help
2021-07-03 19:18:51.724  INFO 3852 --- [Bot Movimientos Telegram Executor] c.c.c.controllers.TelegramBotController  : /moneda
2021-07-03 19:19:11.799  INFO 3852 --- [Bot Movimientos Telegram Executor] c.c.c.controllers.TelegramBotController  : /moneda usdt
2021-07-03 20:23:47.787  INFO 3836 --- [restartedMain] com.cherso.cripto.CriptoApplication      : Starting CriptoApplication using Java 1.8.0_131 on SISTEMASP62 with PID 3836 (C:\REPO_GIT\cripto\target\classes started by cersosimof in C:\REPO_GIT\cripto)
2021-07-03 20:23:47.790  INFO 3836 --- [restartedMain] com.cherso.cripto.CriptoApplication      : No active profile set, falling back to default profiles: default
2021-07-03 20:23:47.867  INFO 3836 --- [restartedMain] .e.DevToolsPropertyDefaultsPostProcessor : Devtools property defaults active! Set 'spring.devtools.add-properties' to 'false' to disable
2021-07-03 20:23:47.867  INFO 3836 --- [restartedMain] .e.DevToolsPropertyDefaultsPostProcessor : For additional web related logging consider setting the 'logging.level.web' property to 'DEBUG'
2021-07-03 20:23:49.434  INFO 3836 --- [restartedMain] o.s.b.w.embedded.tomcat.TomcatWebServer  : Tomcat initialized with port(s): 8080 (http)
2021-07-03 20:23:49.451  INFO 3836 --- [restartedMain] o.apache.catalina.core.StandardService   : Starting service [Tomcat]
2021-07-03 20:23:49.451  INFO 3836 --- [restartedMain] org.apache.catalina.core.StandardEngine  : Starting Servlet engine: [Apache Tomcat/9.0.48]
2021-07-03 20:23:49.684  INFO 3836 --- [restartedMain] o.a.c.c.C.[Tomcat].[localhost].[/]       : Initializing Spring embedded WebApplicationContext
2021-07-03 20:23:49.685  INFO 3836 --- [restartedMain] w.s.c.ServletWebServerApplicationContext : Root WebApplicationContext: initialization completed in 1817 ms
2021-07-03 20:23:50.258  INFO 3836 --- [restartedMain] o.s.b.d.a.OptionalLiveReloadServer       : LiveReload server is running on port 35729
2021-07-03 20:23:50.314  INFO 3836 --- [restartedMain] o.s.b.w.embedded.tomcat.TomcatWebServer  : Tomcat started on port(s): 8080 (http) with context path ''
2021-07-03 20:23:50.326  INFO 3836 --- [restartedMain] com.cherso.cripto.CriptoApplication      : Started CriptoApplication in 3.328 seconds (JVM running for 6.791)
2021-07-03 20:25:04.410  INFO 3836 --- [Bot Movimientos Telegram Executor] c.c.c.controllers.TelegramBotController  : Hola
2021-07-03 20:25:04.411  INFO 3836 --- [Bot Movimientos Telegram Executor] c.c.c.controllers.TelegramBotController  : Se ingreso el comando Hola
2021-07-03 20:25:04.412  INFO 3836 --- [Bot Movimientos Telegram Executor] c.c.c.controllers.TelegramBotController  : default
2021-07-03 20:25:09.500  INFO 3836 --- [Bot Movimientos Telegram Executor] c.c.c.controllers.TelegramBotController  : /moneda
2021-07-03 20:25:09.516  INFO 3836 --- [Bot Movimientos Telegram Executor] c.c.c.controllers.TelegramBotController  : Se ingreso el comando /moneda
2021-07-03 20:25:09.516  INFO 3836 --- [Bot Movimientos Telegram Executor] c.c.c.controllers.TelegramBotController  : default
2021-07-03 20:25:37.894  INFO 12688 --- [restartedMain] com.cherso.cripto.CriptoApplication      : Starting CriptoApplication using Java 1.8.0_131 on SISTEMASP62 with PID 12688 (C:\REPO_GIT\cripto\target\classes started by cersosimof in C:\REPO_GIT\cripto)
2021-07-03 20:25:37.897  INFO 12688 --- [restartedMain] com.cherso.cripto.CriptoApplication      : No active profile set, falling back to default profiles: default
2021-07-03 20:25:37.991  INFO 12688 --- [restartedMain] .e.DevToolsPropertyDefaultsPostProcessor : Devtools property defaults active! Set 'spring.devtools.add-properties' to 'false' to disable
2021-07-03 20:25:37.991  INFO 12688 --- [restartedMain] .e.DevToolsPropertyDefaultsPostProcessor : For additional web related logging consider setting the 'logging.level.web' property to 'DEBUG'
2021-07-03 20:25:39.244  INFO 12688 --- [restartedMain] o.s.b.w.embedded.tomcat.TomcatWebServer  : Tomcat initialized with port(s): 8080 (http)
2021-07-03 20:25:39.253  INFO 12688 --- [restartedMain] o.apache.catalina.core.StandardService   : Starting service [Tomcat]
2021-07-03 20:25:39.253  INFO 12688 --- [restartedMain] org.apache.catalina.core.StandardEngine  : Starting Servlet engine: [Apache Tomcat/9.0.48]
2021-07-03 20:25:39.481  INFO 12688 --- [restartedMain] o.a.c.c.C.[Tomcat].[localhost].[/]       : Initializing Spring embedded WebApplicationContext
2021-07-03 20:25:39.482  INFO 12688 --- [restartedMain] w.s.c.ServletWebServerApplicationContext : Root WebApplicationContext: initialization completed in 1490 ms
2021-07-03 20:25:39.972  INFO 12688 --- [restartedMain] o.s.b.d.a.OptionalLiveReloadServer       : LiveReload server is running on port 35729
2021-07-03 20:25:40.027  INFO 12688 --- [restartedMain] o.s.b.w.embedded.tomcat.TomcatWebServer  : Tomcat started on port(s): 8080 (http) with context path ''
2021-07-03 20:25:40.039  INFO 12688 --- [restartedMain] com.cherso.cripto.CriptoApplication      : Started CriptoApplication in 2.806 seconds (JVM running for 4.527)
2021-07-03 20:31:59.911  INFO 12688 --- [Bot Movimientos Telegram Executor] c.c.c.controllers.TelegramBotController  : /moneda
2021-07-03 20:31:59.912  INFO 12688 --- [Bot Movimientos Telegram Executor] c.c.c.controllers.TelegramBotController  : Se ingreso el comando /moneda
2021-07-03 20:31:59.912  INFO 12688 --- [Bot Movimientos Telegram Executor] c.c.c.controllers.TelegramBotController  : /moneda
2021-07-03 22:17:04.538  INFO 8288 --- [restartedMain] com.cherso.cripto.CriptoApplication      : Starting CriptoApplication using Java 1.8.0_131 on SISTEMASP62 with PID 8288 (C:\REPO_GIT\cripto\target\classes started by cersosimof in C:\REPO_GIT\cripto)
2021-07-03 22:17:04.542  INFO 8288 --- [restartedMain] com.cherso.cripto.CriptoApplication      : No active profile set, falling back to default profiles: default
2021-07-03 22:17:04.604  INFO 8288 --- [restartedMain] .e.DevToolsPropertyDefaultsPostProcessor : Devtools property defaults active! Set 'spring.devtools.add-properties' to 'false' to disable
2021-07-03 22:17:04.604  INFO 8288 --- [restartedMain] .e.DevToolsPropertyDefaultsPostProcessor : For additional web related logging consider setting the 'logging.level.web' property to 'DEBUG'
2021-07-03 22:17:05.549  INFO 8288 --- [restartedMain] o.s.b.w.embedded.tomcat.TomcatWebServer  : Tomcat initialized with port(s): 8080 (http)
2021-07-03 22:17:05.556  INFO 8288 --- [restartedMain] o.apache.catalina.core.StandardService   : Starting service [Tomcat]
2021-07-03 22:17:05.558  INFO 8288 --- [restartedMain] org.apache.catalina.core.StandardEngine  : Starting Servlet engine: [Apache Tomcat/9.0.48]
2021-07-03 22:17:05.701  INFO 8288 --- [restartedMain] o.a.c.c.C.[Tomcat].[localhost].[/]       : Initializing Spring embedded WebApplicationContext
2021-07-03 22:17:05.701  INFO 8288 --- [restartedMain] w.s.c.ServletWebServerApplicationContext : Root WebApplicationContext: initialization completed in 1060 ms
2021-07-03 22:17:06.082  INFO 8288 --- [restartedMain] o.s.b.d.a.OptionalLiveReloadServer       : LiveReload server is running on port 35729
2021-07-03 22:17:06.111  INFO 8288 --- [restartedMain] o.s.b.w.embedded.tomcat.TomcatWebServer  : Tomcat started on port(s): 8080 (http) with context path ''
2021-07-03 22:17:06.119  INFO 8288 --- [restartedMain] com.cherso.cripto.CriptoApplication      : Started CriptoApplication in 2.062 seconds (JVM running for 3.406)
2021-07-03 22:17:09.270  INFO 8288 --- [AWT-EventQueue-0] com.cherso.cripto.CriptoApplication      : llamo a esto
2021-07-03 22:17:10.266  INFO 8288 --- [AWT-EventQueue-0] com.cherso.cripto.CriptoApplication      : llamo a esto
2021-07-03 22:17:11.272  INFO 8288 --- [AWT-EventQueue-0] com.cherso.cripto.CriptoApplication      : llamo a esto
2021-07-03 22:17:12.299  INFO 8288 --- [AWT-EventQueue-0] com.cherso.cripto.CriptoApplication      : llamo a esto
2021-07-03 22:17:13.315  INFO 8288 --- [AWT-EventQueue-0] com.cherso.cripto.CriptoApplication      : llamo a esto
2021-07-03 22:17:14.329  INFO 8288 --- [AWT-EventQueue-0] com.cherso.cripto.CriptoApplication      : llamo a esto
2021-07-03 22:17:15.339  INFO 8288 --- [AWT-EventQueue-0] com.cherso.cripto.CriptoApplication      : llamo a esto
2021-07-03 22:17:16.349  INFO 8288 --- [AWT-EventQueue-0] com.cherso.cripto.CriptoApplication      : llamo a esto
2021-07-03 22:17:17.356  INFO 8288 --- [AWT-EventQueue-0] com.cherso.cripto.CriptoApplication      : llamo a esto
2021-07-03 22:17:18.360  INFO 8288 --- [AWT-EventQueue-0] com.cherso.cripto.CriptoApplication      : llamo a esto
2021-07-03 22:17:19.366  INFO 8288 --- [AWT-EventQueue-0] com.cherso.cripto.CriptoApplication      : llamo a esto
2021-07-03 22:17:20.378  INFO 8288 --- [AWT-EventQueue-0] com.cherso.cripto.CriptoApplication      : llamo a esto
2021-07-03 22:17:21.382  INFO 8288 --- [AWT-EventQueue-0] com.cherso.cripto.CriptoApplication      : llamo a esto
2021-07-03 22:17:22.384  INFO 8288 --- [AWT-EventQueue-0] com.cherso.cripto.CriptoApplication      : llamo a esto
2021-07-03 22:17:23.398  INFO 8288 --- [AWT-EventQueue-0] com.cherso.cripto.CriptoApplication      : llamo a esto
2021-07-03 22:17:24.411  INFO 8288 --- [AWT-EventQueue-0] com.cherso.cripto.CriptoApplication      : llamo a esto
2021-07-03 22:17:25.420  INFO 8288 --- [AWT-EventQueue-0] com.cherso.cripto.CriptoApplication      : llamo a esto
2021-07-03 22:17:26.435  INFO 8288 --- [AWT-EventQueue-0] com.cherso.cripto.CriptoApplication      : llamo a esto
2021-07-03 22:17:27.447  INFO 8288 --- [AWT-EventQueue-0] com.cherso.cripto.CriptoApplication      : llamo a esto
2021-07-03 22:17:28.463  INFO 8288 --- [AWT-EventQueue-0] com.cherso.cripto.CriptoApplication      : llamo a esto
2021-07-03 22:17:29.472  INFO 8288 --- [AWT-EventQueue-0] com.cherso.cripto.CriptoApplication      : llamo a esto
2021-07-03 22:17:30.490  INFO 8288 --- [AWT-EventQueue-0] com.cherso.cripto.CriptoApplication      : llamo a esto
2021-07-03 22:17:31.519  INFO 8288 --- [AWT-EventQueue-0] com.cherso.cripto.CriptoApplication      : llamo a esto
2021-07-03 22:17:32.520  INFO 8288 --- [AWT-EventQueue-0] com.cherso.cripto.CriptoApplication      : llamo a esto
2021-07-03 22:17:33.530  INFO 8288 --- [AWT-EventQueue-0] com.cherso.cripto.CriptoApplication      : llamo a esto
2021-07-03 22:17:34.538  INFO 8288 --- [AWT-EventQueue-0] com.cherso.cripto.CriptoApplication      : llamo a esto
2021-07-03 22:17:35.554  INFO 8288 --- [AWT-EventQueue-0] com.cherso.cripto.CriptoApplication      : llamo a esto
2021-07-03 22:17:36.558  INFO 8288 --- [AWT-EventQueue-0] com.cherso.cripto.CriptoApplication      : llamo a esto
2021-07-03 22:17:37.560  INFO 8288 --- [AWT-EventQueue-0] com.cherso.cripto.CriptoApplication      : llamo a esto
2021-07-03 22:17:38.577  INFO 8288 --- [AWT-EventQueue-0] com.cherso.cripto.CriptoApplication      : llamo a esto
2021-07-03 22:17:39.594  INFO 8288 --- [AWT-EventQueue-0] com.cherso.cripto.CriptoApplication      : llamo a esto
2021-07-03 22:17:40.602  INFO 8288 --- [AWT-EventQueue-0] com.cherso.cripto.CriptoApplication      : llamo a esto
2021-07-03 22:17:41.606  INFO 8288 --- [AWT-EventQueue-0] com.cherso.cripto.CriptoApplication      : llamo a esto
2021-07-03 22:17:42.609  INFO 8288 --- [AWT-EventQueue-0] com.cherso.cripto.CriptoApplication      : llamo a esto
2021-07-03 22:17:43.640  INFO 8288 --- [AWT-EventQueue-0] com.cherso.cripto.CriptoApplication      : llamo a esto
2021-07-03 22:17:44.655  INFO 8288 --- [AWT-EventQueue-0] com.cherso.cripto.CriptoApplication      : llamo a esto
2021-07-03 22:17:45.666  INFO 8288 --- [AWT-EventQueue-0] com.cherso.cripto.CriptoApplication      : llamo a esto
2021-07-03 22:17:46.674  INFO 8288 --- [AWT-EventQueue-0] com.cherso.cripto.CriptoApplication      : llamo a esto
2021-07-03 22:17:47.682  INFO 8288 --- [AWT-EventQueue-0] com.cherso.cripto.CriptoApplication      : llamo a esto
2021-07-03 22:17:48.705  INFO 8288 --- [AWT-EventQueue-0] com.cherso.cripto.CriptoApplication      : llamo a esto
2021-07-03 22:17:49.722  INFO 8288 --- [AWT-EventQueue-0] com.cherso.cripto.CriptoApplication      : llamo a esto
2021-07-03 22:17:50.734  INFO 8288 --- [AWT-EventQueue-0] com.cherso.cripto.CriptoApplication      : llamo a esto
2021-07-03 22:17:51.744  INFO 8288 --- [AWT-EventQueue-0] com.cherso.cripto.CriptoApplication      : llamo a esto
2021-07-03 22:17:52.744  INFO 8288 --- [AWT-EventQueue-0] com.cherso.cripto.CriptoApplication      : llamo a esto
2021-07-03 22:17:53.746  INFO 8288 --- [AWT-EventQueue-0] com.cherso.cripto.CriptoApplication      : llamo a esto
2021-07-03 22:17:54.755  INFO 8288 --- [AWT-EventQueue-0] com.cherso.cripto.CriptoApplication      : llamo a esto
2021-07-03 22:17:55.766  INFO 8288 --- [AWT-EventQueue-0] com.cherso.cripto.CriptoApplication      : llamo a esto
2021-07-03 22:17:56.780  INFO 8288 --- [AWT-EventQueue-0] com.cherso.cripto.CriptoApplication      : llamo a esto
2021-07-03 22:17:57.787  INFO 8288 --- [AWT-EventQueue-0] com.cherso.cripto.CriptoApplication      : llamo a esto
2021-07-03 22:17:58.808  INFO 8288 --- [AWT-EventQueue-0] com.cherso.cripto.CriptoApplication      : llamo a esto
2021-07-03 22:17:59.809  INFO 8288 --- [AWT-EventQueue-0] com.cherso.cripto.CriptoApplication      : llamo a esto
2021-07-03 22:18:00.823  INFO 8288 --- [AWT-EventQueue-0] com.cherso.cripto.CriptoApplication      : llamo a esto
2021-07-03 22:18:01.840  INFO 8288 --- [AWT-EventQueue-0] com.cherso.cripto.CriptoApplication      : llamo a esto
2021-07-03 22:18:02.852  INFO 8288 --- [AWT-EventQueue-0] com.cherso.cripto.CriptoApplication      : llamo a esto
2021-07-03 22:18:03.865  INFO 8288 --- [AWT-EventQueue-0] com.cherso.cripto.CriptoApplication      : llamo a esto
2021-07-03 22:18:04.873  INFO 8288 --- [AWT-EventQueue-0] com.cherso.cripto.CriptoApplication      : llamo a esto
2021-07-03 22:18:05.889  INFO 8288 --- [AWT-EventQueue-0] com.cherso.cripto.CriptoApplication      : llamo a esto
2021-07-03 22:18:06.904  INFO 8288 --- [AWT-EventQueue-0] com.cherso.cripto.CriptoApplication      : llamo a esto
2021-07-03 22:18:07.920  INFO 8288 --- [AWT-EventQueue-0] com.cherso.cripto.CriptoApplication      : llamo a esto
2021-07-03 22:18:08.924  INFO 8288 --- [AWT-EventQueue-0] com.cherso.cripto.CriptoApplication      : llamo a esto
2021-07-03 22:18:09.931  INFO 8288 --- [AWT-EventQueue-0] com.cherso.cripto.CriptoApplication      : llamo a esto
2021-07-03 22:18:10.942  INFO 8288 --- [AWT-EventQueue-0] com.cherso.cripto.CriptoApplication      : llamo a esto
2021-07-03 22:18:11.953  INFO 8288 --- [AWT-EventQueue-0] com.cherso.cripto.CriptoApplication      : llamo a esto
2021-07-03 22:18:12.957  INFO 8288 --- [AWT-EventQueue-0] com.cherso.cripto.CriptoApplication      : llamo a esto
2021-07-03 22:18:13.959  INFO 8288 --- [AWT-EventQueue-0] com.cherso.cripto.CriptoApplication      : llamo a esto
2021-07-03 22:18:14.967  INFO 8288 --- [AWT-EventQueue-0] com.cherso.cripto.CriptoApplication      : llamo a esto
2021-07-03 22:18:15.974  INFO 8288 --- [AWT-EventQueue-0] com.cherso.cripto.CriptoApplication      : llamo a esto
2021-07-03 22:18:16.976  INFO 8288 --- [AWT-EventQueue-0] com.cherso.cripto.CriptoApplication      : llamo a esto
2021-07-03 22:18:17.990  INFO 8288 --- [AWT-EventQueue-0] com.cherso.cripto.CriptoApplication      : llamo a esto
2021-07-03 22:18:18.994  INFO 8288 --- [AWT-EventQueue-0] com.cherso.cripto.CriptoApplication      : llamo a esto
2021-07-03 22:18:20.000  INFO 8288 --- [AWT-EventQueue-0] com.cherso.cripto.CriptoApplication      : llamo a esto
2021-07-03 22:18:21.013  INFO 8288 --- [AWT-EventQueue-0] com.cherso.cripto.CriptoApplication      : llamo a esto
2021-07-03 22:18:22.020  INFO 8288 --- [AWT-EventQueue-0] com.cherso.cripto.CriptoApplication      : llamo a esto
2021-07-03 22:18:23.024  INFO 8288 --- [AWT-EventQueue-0] com.cherso.cripto.CriptoApplication      : llamo a esto
2021-07-03 22:18:24.033  INFO 8288 --- [AWT-EventQueue-0] com.cherso.cripto.CriptoApplication      : llamo a esto
2021-07-03 22:18:25.033  INFO 8288 --- [AWT-EventQueue-0] com.cherso.cripto.CriptoApplication      : llamo a esto
2021-07-03 22:18:26.039  INFO 8288 --- [AWT-EventQueue-0] com.cherso.cripto.CriptoApplication      : llamo a esto
2021-07-03 22:18:27.057  INFO 8288 --- [AWT-EventQueue-0] com.cherso.cripto.CriptoApplication      : llamo a esto
2021-07-03 22:18:28.063  INFO 8288 --- [AWT-EventQueue-0] com.cherso.cripto.CriptoApplication      : llamo a esto
2021-07-03 22:25:11.398  INFO 15288 --- [restartedMain] com.cherso.cripto.CriptoApplication      : Starting CriptoApplication using Java 1.8.0_131 on SISTEMASP62 with PID 15288 (C:\REPO_GIT\cripto\target\classes started by cersosimof in C:\REPO_GIT\cripto)
2021-07-03 22:25:11.404  INFO 15288 --- [restartedMain] com.cherso.cripto.CriptoApplication      : No active profile set, falling back to default profiles: default
2021-07-03 22:25:11.469  INFO 15288 --- [restartedMain] .e.DevToolsPropertyDefaultsPostProcessor : Devtools property defaults active! Set 'spring.devtools.add-properties' to 'false' to disable
2021-07-03 22:25:11.469  INFO 15288 --- [restartedMain] .e.DevToolsPropertyDefaultsPostProcessor : For additional web related logging consider setting the 'logging.level.web' property to 'DEBUG'
2021-07-03 22:25:12.423  INFO 15288 --- [restartedMain] o.s.b.w.embedded.tomcat.TomcatWebServer  : Tomcat initialized with port(s): 8080 (http)
2021-07-03 22:25:12.431  INFO 15288 --- [restartedMain] o.apache.catalina.core.StandardService   : Starting service [Tomcat]
2021-07-03 22:25:12.431  INFO 15288 --- [restartedMain] org.apache.catalina.core.StandardEngine  : Starting Servlet engine: [Apache Tomcat/9.0.48]
2021-07-03 22:25:12.578  INFO 15288 --- [restartedMain] o.a.c.c.C.[Tomcat].[localhost].[/]       : Initializing Spring embedded WebApplicationContext
2021-07-03 22:25:12.579  INFO 15288 --- [restartedMain] w.s.c.ServletWebServerApplicationContext : Root WebApplicationContext: initialization completed in 1109 ms
2021-07-03 22:25:12.963  INFO 15288 --- [restartedMain] o.s.b.d.a.OptionalLiveReloadServer       : LiveReload server is running on port 35729
2021-07-03 22:25:12.993  INFO 15288 --- [restartedMain] o.s.b.w.embedded.tomcat.TomcatWebServer  : Tomcat started on port(s): 8080 (http) with context path ''
2021-07-03 22:25:13.002  INFO 15288 --- [restartedMain] com.cherso.cripto.CriptoApplication      : Started CriptoApplication in 2.06 seconds (JVM running for 3.302)
2021-07-03 22:25:16.066  INFO 15288 --- [AWT-EventQueue-0] com.cherso.cripto.CriptoApplication      : llamo a esto
2021-07-03 22:25:18.093  INFO 15288 --- [AWT-EventQueue-0] com.cherso.cripto.CriptoApplication      : llamo a esto
2021-07-03 22:25:19.107  INFO 15288 --- [AWT-EventQueue-0] com.cherso.cripto.CriptoApplication      : llamo a esto
2021-07-03 22:25:20.112  INFO 15288 --- [AWT-EventQueue-0] com.cherso.cripto.CriptoApplication      : llamo a esto
2021-07-03 22:25:21.126  INFO 15288 --- [AWT-EventQueue-0] com.cherso.cripto.CriptoApplication      : llamo a esto
2021-07-03 22:25:22.134  INFO 15288 --- [AWT-EventQueue-0] com.cherso.cripto.CriptoApplication      : llamo a esto
2021-07-03 22:25:23.138  INFO 15288 --- [AWT-EventQueue-0] com.cherso.cripto.CriptoApplication      : llamo a esto
2021-07-03 22:25:24.141  INFO 15288 --- [AWT-EventQueue-0] com.cherso.cripto.CriptoApplication      : llamo a esto
2021-07-03 22:25:25.146  INFO 15288 --- [AWT-EventQueue-0] com.cherso.cripto.CriptoApplication      : llamo a esto
2021-07-03 22:25:26.153  INFO 15288 --- [AWT-EventQueue-0] com.cherso.cripto.CriptoApplication      : llamo a esto
2021-07-03 22:25:27.171  INFO 15288 --- [AWT-EventQueue-0] com.cherso.cripto.CriptoApplication      : llamo a esto
2021-07-03 22:25:28.184  INFO 15288 --- [AWT-EventQueue-0] com.cherso.cripto.CriptoApplication      : llamo a esto
2021-07-03 22:25:29.203  INFO 15288 --- [AWT-EventQueue-0] com.cherso.cripto.CriptoApplication      : llamo a esto
2021-07-03 22:25:30.220  INFO 15288 --- [AWT-EventQueue-0] com.cherso.cripto.CriptoApplication      : llamo a esto
2021-07-03 22:25:31.233  INFO 15288 --- [AWT-EventQueue-0] com.cherso.cripto.CriptoApplication      : llamo a esto
2021-07-03 22:25:32.237  INFO 15288 --- [AWT-EventQueue-0] com.cherso.cripto.CriptoApplication      : llamo a esto
2021-07-03 22:25:33.241  INFO 15288 --- [AWT-EventQueue-0] com.cherso.cripto.CriptoApplication      : llamo a esto
2021-07-03 22:25:34.249  INFO 15288 --- [AWT-EventQueue-0] com.cherso.cripto.CriptoApplication      : llamo a esto
2021-07-03 22:25:35.265  INFO 15288 --- [AWT-EventQueue-0] com.cherso.cripto.CriptoApplication      : llamo a esto
