2021-07-02 12:05:19.478  INFO 14796 --- [restartedMain] com.cherso.cripto.CriptoApplication      : Starting CriptoApplication using Java 1.8.0_131 on SISTEMASP62 with PID 14796 (C:\REPO_GIT\cripto\target\classes started by cersosimof in C:\REPO_GIT\cripto)
2021-07-02 12:05:19.480  INFO 14796 --- [restartedMain] com.cherso.cripto.CriptoApplication      : No active profile set, falling back to default profiles: default
2021-07-02 12:05:19.538  INFO 14796 --- [restartedMain] .e.DevToolsPropertyDefaultsPostProcessor : Devtools property defaults active! Set 'spring.devtools.add-properties' to 'false' to disable
2021-07-02 12:05:19.538  INFO 14796 --- [restartedMain] .e.DevToolsPropertyDefaultsPostProcessor : For additional web related logging consider setting the 'logging.level.web' property to 'DEBUG'
2021-07-02 12:05:20.487  INFO 14796 --- [restartedMain] o.s.b.w.embedded.tomcat.TomcatWebServer  : Tomcat initialized with port(s): 8080 (http)
2021-07-02 12:05:20.494  INFO 14796 --- [restartedMain] o.apache.catalina.core.StandardService   : Starting service [Tomcat]
2021-07-02 12:05:20.494  INFO 14796 --- [restartedMain] org.apache.catalina.core.StandardEngine  : Starting Servlet engine: [Apache Tomcat/9.0.48]
2021-07-02 12:05:20.610  INFO 14796 --- [restartedMain] o.a.c.c.C.[Tomcat].[localhost].[/]       : Initializing Spring embedded WebApplicationContext
2021-07-02 12:05:20.610  INFO 14796 --- [restartedMain] w.s.c.ServletWebServerApplicationContext : Root WebApplicationContext: initialization completed in 1068 ms
2021-07-02 12:05:20.874  INFO 14796 --- [restartedMain] o.s.b.a.w.s.WelcomePageHandlerMapping    : Adding welcome page: class path resource [static/index.html]
2021-07-02 12:05:20.951  INFO 14796 --- [restartedMain] o.s.b.d.a.OptionalLiveReloadServer       : LiveReload server is running on port 35729
2021-07-02 12:05:20.979  INFO 14796 --- [restartedMain] o.s.b.w.embedded.tomcat.TomcatWebServer  : Tomcat started on port(s): 8080 (http) with context path ''
2021-07-02 12:05:20.995  INFO 14796 --- [restartedMain] com.cherso.cripto.CriptoApplication      : Started CriptoApplication in 2.024 seconds (JVM running for 3.287)
2021-07-02 12:17:30.660  INFO 7824 --- [restartedMain] com.cherso.cripto.CriptoApplication      : Starting CriptoApplication using Java 1.8.0_131 on SISTEMASP62 with PID 7824 (C:\REPO_GIT\cripto\target\classes started by cersosimof in C:\REPO_GIT\cripto)
2021-07-02 12:17:30.664  INFO 7824 --- [restartedMain] com.cherso.cripto.CriptoApplication      : No active profile set, falling back to default profiles: default
2021-07-02 12:17:30.729  INFO 7824 --- [restartedMain] .e.DevToolsPropertyDefaultsPostProcessor : Devtools property defaults active! Set 'spring.devtools.add-properties' to 'false' to disable
2021-07-02 12:17:30.729  INFO 7824 --- [restartedMain] .e.DevToolsPropertyDefaultsPostProcessor : For additional web related logging consider setting the 'logging.level.web' property to 'DEBUG'
2021-07-02 12:17:31.766  INFO 7824 --- [restartedMain] o.s.b.w.embedded.tomcat.TomcatWebServer  : Tomcat initialized with port(s): 8080 (http)
2021-07-02 12:17:31.774  INFO 7824 --- [restartedMain] o.apache.catalina.core.StandardService   : Starting service [Tomcat]
2021-07-02 12:17:31.774  INFO 7824 --- [restartedMain] org.apache.catalina.core.StandardEngine  : Starting Servlet engine: [Apache Tomcat/9.0.48]
2021-07-02 12:17:31.900  INFO 7824 --- [restartedMain] o.a.c.c.C.[Tomcat].[localhost].[/]       : Initializing Spring embedded WebApplicationContext
2021-07-02 12:17:31.900  INFO 7824 --- [restartedMain] w.s.c.ServletWebServerApplicationContext : Root WebApplicationContext: initialization completed in 1170 ms
2021-07-02 12:17:32.201  INFO 7824 --- [restartedMain] o.s.b.a.w.s.WelcomePageHandlerMapping    : Adding welcome page: class path resource [static/index.html]
2021-07-02 12:17:32.301  INFO 7824 --- [restartedMain] o.s.b.d.a.OptionalLiveReloadServer       : LiveReload server is running on port 35729
2021-07-02 12:17:32.339  INFO 7824 --- [restartedMain] o.s.b.w.embedded.tomcat.TomcatWebServer  : Tomcat started on port(s): 8080 (http) with context path ''
2021-07-02 12:17:32.360  INFO 7824 --- [restartedMain] com.cherso.cripto.CriptoApplication      : Started CriptoApplication in 2.301 seconds (JVM running for 3.67)
2021-07-02 12:18:36.167  INFO 7824 --- [http-nio-8080-exec-1] o.a.c.c.C.[Tomcat].[localhost].[/]       : Initializing Spring DispatcherServlet 'dispatcherServlet'
2021-07-02 12:18:36.168  INFO 7824 --- [http-nio-8080-exec-1] o.s.web.servlet.DispatcherServlet        : Initializing Servlet 'dispatcherServlet'
2021-07-02 12:18:36.168  INFO 7824 --- [http-nio-8080-exec-1] o.s.web.servlet.DispatcherServlet        : Completed initialization in 0 ms
2021-07-02 12:18:36.195  INFO 7824 --- [http-nio-8080-exec-1] c.c.cripto.controllers.HomeController    : Controlador
2021-07-02 12:19:53.010  INFO 20172 --- [restartedMain] com.cherso.cripto.CriptoApplication      : Starting CriptoApplication using Java 1.8.0_131 on SISTEMASP62 with PID 20172 (C:\REPO_GIT\cripto\target\classes started by cersosimof in C:\REPO_GIT\cripto)
2021-07-02 12:19:53.013  INFO 20172 --- [restartedMain] com.cherso.cripto.CriptoApplication      : No active profile set, falling back to default profiles: default
2021-07-02 12:19:53.070  INFO 20172 --- [restartedMain] .e.DevToolsPropertyDefaultsPostProcessor : Devtools property defaults active! Set 'spring.devtools.add-properties' to 'false' to disable
2021-07-02 12:19:53.071  INFO 20172 --- [restartedMain] .e.DevToolsPropertyDefaultsPostProcessor : For additional web related logging consider setting the 'logging.level.web' property to 'DEBUG'
2021-07-02 12:19:54.113  INFO 20172 --- [restartedMain] o.s.b.w.embedded.tomcat.TomcatWebServer  : Tomcat initialized with port(s): 8080 (http)
2021-07-02 12:19:54.123  INFO 20172 --- [restartedMain] o.apache.catalina.core.StandardService   : Starting service [Tomcat]
2021-07-02 12:19:54.123  INFO 20172 --- [restartedMain] org.apache.catalina.core.StandardEngine  : Starting Servlet engine: [Apache Tomcat/9.0.48]
2021-07-02 12:19:54.255  INFO 20172 --- [restartedMain] o.a.c.c.C.[Tomcat].[localhost].[/]       : Initializing Spring embedded WebApplicationContext
2021-07-02 12:19:54.255  INFO 20172 --- [restartedMain] w.s.c.ServletWebServerApplicationContext : Root WebApplicationContext: initialization completed in 1184 ms
2021-07-02 12:19:54.577  INFO 20172 --- [restartedMain] o.s.b.a.w.s.WelcomePageHandlerMapping    : Adding welcome page: class path resource [static/index.html]
2021-07-02 12:19:54.677  INFO 20172 --- [restartedMain] o.s.b.d.a.OptionalLiveReloadServer       : LiveReload server is running on port 35729
2021-07-02 12:19:54.730  INFO 20172 --- [restartedMain] o.s.b.w.embedded.tomcat.TomcatWebServer  : Tomcat started on port(s): 8080 (http) with context path ''
2021-07-02 12:19:54.741  INFO 20172 --- [restartedMain] com.cherso.cripto.CriptoApplication      : Started CriptoApplication in 2.273 seconds (JVM running for 3.611)
2021-07-02 12:20:29.121  INFO 20172 --- [http-nio-8080-exec-1] o.a.c.c.C.[Tomcat].[localhost].[/]       : Initializing Spring DispatcherServlet 'dispatcherServlet'
2021-07-02 12:20:29.121  INFO 20172 --- [http-nio-8080-exec-1] o.s.web.servlet.DispatcherServlet        : Initializing Servlet 'dispatcherServlet'
2021-07-02 12:20:29.122  INFO 20172 --- [http-nio-8080-exec-1] o.s.web.servlet.DispatcherServlet        : Completed initialization in 1 ms
2021-07-02 12:20:29.159  INFO 20172 --- [http-nio-8080-exec-1] c.c.cripto.controllers.HomeController    : Ingreso HomeController con datos - moneda: USDT tiempo: 1 movimiento: 1
2021-07-02 13:09:22.584  INFO 20172 --- [http-nio-8080-exec-2] c.c.cripto.controllers.HomeController    : Ingreso HomeController con datos - moneda: USDT tiempo: 1 movimiento: 1
2021-07-02 13:21:27.869  INFO 21164 --- [restartedMain] com.cherso.cripto.CriptoApplication      : Starting CriptoApplication using Java 1.8.0_131 on SISTEMASP62 with PID 21164 (C:\REPO_GIT\cripto\target\classes started by cersosimof in C:\REPO_GIT\cripto)
2021-07-02 13:21:27.872  INFO 21164 --- [restartedMain] com.cherso.cripto.CriptoApplication      : No active profile set, falling back to default profiles: default
2021-07-02 13:21:27.928  INFO 21164 --- [restartedMain] .e.DevToolsPropertyDefaultsPostProcessor : Devtools property defaults active! Set 'spring.devtools.add-properties' to 'false' to disable
2021-07-02 13:21:27.928  INFO 21164 --- [restartedMain] .e.DevToolsPropertyDefaultsPostProcessor : For additional web related logging consider setting the 'logging.level.web' property to 'DEBUG'
2021-07-02 13:21:28.937  INFO 21164 --- [restartedMain] o.s.b.w.embedded.tomcat.TomcatWebServer  : Tomcat initialized with port(s): 8080 (http)
2021-07-02 13:21:28.946  INFO 21164 --- [restartedMain] o.apache.catalina.core.StandardService   : Starting service [Tomcat]
2021-07-02 13:21:28.946  INFO 21164 --- [restartedMain] org.apache.catalina.core.StandardEngine  : Starting Servlet engine: [Apache Tomcat/9.0.48]
2021-07-02 13:21:29.059  INFO 21164 --- [restartedMain] o.a.c.c.C.[Tomcat].[localhost].[/]       : Initializing Spring embedded WebApplicationContext
2021-07-02 13:21:29.059  INFO 21164 --- [restartedMain] w.s.c.ServletWebServerApplicationContext : Root WebApplicationContext: initialization completed in 1130 ms
2021-07-02 13:21:29.331  INFO 21164 --- [restartedMain] o.s.b.a.w.s.WelcomePageHandlerMapping    : Adding welcome page: class path resource [static/index.html]
2021-07-02 13:21:29.413  INFO 21164 --- [restartedMain] o.s.b.d.a.OptionalLiveReloadServer       : LiveReload server is running on port 35729
2021-07-02 13:21:29.447  INFO 21164 --- [restartedMain] o.s.b.w.embedded.tomcat.TomcatWebServer  : Tomcat started on port(s): 8080 (http) with context path ''
2021-07-02 13:21:29.463  INFO 21164 --- [restartedMain] com.cherso.cripto.CriptoApplication      : Started CriptoApplication in 2.076 seconds (JVM running for 3.298)
2021-07-02 13:21:39.749  INFO 21164 --- [http-nio-8080-exec-1] o.a.c.c.C.[Tomcat].[localhost].[/]       : Initializing Spring DispatcherServlet 'dispatcherServlet'
2021-07-02 13:21:39.750  INFO 21164 --- [http-nio-8080-exec-1] o.s.web.servlet.DispatcherServlet        : Initializing Servlet 'dispatcherServlet'
2021-07-02 13:21:39.750  INFO 21164 --- [http-nio-8080-exec-1] o.s.web.servlet.DispatcherServlet        : Completed initialization in 0 ms
2021-07-02 13:21:39.775  INFO 21164 --- [http-nio-8080-exec-1] c.c.cripto.controllers.HomeController    : Ingreso HomeController con datos - moneda: USDT tiempo: 1 movimiento: 1
2021-07-02 13:21:50.773  INFO 21164 --- [http-nio-8080-exec-2] c.c.cripto.controllers.HomeController    : Ingreso HomeController con datos - moneda: USDT tiempo: 1 movimiento: 1
2021-07-02 13:46:06.737  INFO 9412 --- [restartedMain] com.cherso.cripto.CriptoApplication      : Starting CriptoApplication using Java 1.8.0_131 on SISTEMASP62 with PID 9412 (C:\REPO_GIT\cripto\target\classes started by cersosimof in C:\REPO_GIT\cripto)
2021-07-02 13:46:06.740  INFO 9412 --- [restartedMain] com.cherso.cripto.CriptoApplication      : No active profile set, falling back to default profiles: default
2021-07-02 13:46:06.798  INFO 9412 --- [restartedMain] .e.DevToolsPropertyDefaultsPostProcessor : Devtools property defaults active! Set 'spring.devtools.add-properties' to 'false' to disable
2021-07-02 13:46:06.798  INFO 9412 --- [restartedMain] .e.DevToolsPropertyDefaultsPostProcessor : For additional web related logging consider setting the 'logging.level.web' property to 'DEBUG'
2021-07-02 13:46:07.749  INFO 9412 --- [restartedMain] o.s.b.w.embedded.tomcat.TomcatWebServer  : Tomcat initialized with port(s): 8080 (http)
2021-07-02 13:46:07.756  INFO 9412 --- [restartedMain] o.apache.catalina.core.StandardService   : Starting service [Tomcat]
2021-07-02 13:46:07.756  INFO 9412 --- [restartedMain] org.apache.catalina.core.StandardEngine  : Starting Servlet engine: [Apache Tomcat/9.0.48]
2021-07-02 13:46:07.861  INFO 9412 --- [restartedMain] o.a.c.c.C.[Tomcat].[localhost].[/]       : Initializing Spring embedded WebApplicationContext
2021-07-02 13:46:07.862  INFO 9412 --- [restartedMain] w.s.c.ServletWebServerApplicationContext : Root WebApplicationContext: initialization completed in 1064 ms
2021-07-02 13:46:08.133  INFO 9412 --- [restartedMain] o.s.b.a.w.s.WelcomePageHandlerMapping    : Adding welcome page: class path resource [static/index.html]
2021-07-02 13:46:08.212  INFO 9412 --- [restartedMain] o.s.b.d.a.OptionalLiveReloadServer       : LiveReload server is running on port 35729
2021-07-02 13:46:08.253  INFO 9412 --- [restartedMain] o.s.b.w.embedded.tomcat.TomcatWebServer  : Tomcat started on port(s): 8080 (http) with context path ''
2021-07-02 13:46:08.261  INFO 9412 --- [restartedMain] com.cherso.cripto.CriptoApplication      : Started CriptoApplication in 2.02 seconds (JVM running for 3.277)
2021-07-02 13:46:46.491  INFO 9412 --- [http-nio-8080-exec-1] o.a.c.c.C.[Tomcat].[localhost].[/]       : Initializing Spring DispatcherServlet 'dispatcherServlet'
2021-07-02 13:46:46.492  INFO 9412 --- [http-nio-8080-exec-1] o.s.web.servlet.DispatcherServlet        : Initializing Servlet 'dispatcherServlet'
2021-07-02 13:46:46.492  INFO 9412 --- [http-nio-8080-exec-1] o.s.web.servlet.DispatcherServlet        : Completed initialization in 0 ms
2021-07-02 13:46:51.707  INFO 9412 --- [http-nio-8080-exec-1] c.c.cripto.controllers.HomeController    : Ingreso HomeController con datos - moneda: USDT tiempo: 1 movimiento: 1
2021-07-02 13:46:54.479  INFO 9412 --- [http-nio-8080-exec-1] c.c.cripto.controllers.HomeController    : Ingreso al Home Service
2021-07-02 15:00:31.363  INFO 15968 --- [restartedMain] com.cherso.cripto.CriptoApplication      : Starting CriptoApplication using Java 1.8.0_131 on SISTEMASP62 with PID 15968 (C:\REPO_GIT\cripto\target\classes started by cersosimof in C:\REPO_GIT\cripto)
2021-07-02 15:00:31.366  INFO 15968 --- [restartedMain] com.cherso.cripto.CriptoApplication      : No active profile set, falling back to default profiles: default
2021-07-02 15:00:31.413  INFO 15968 --- [restartedMain] .e.DevToolsPropertyDefaultsPostProcessor : Devtools property defaults active! Set 'spring.devtools.add-properties' to 'false' to disable
2021-07-02 15:00:31.413  INFO 15968 --- [restartedMain] .e.DevToolsPropertyDefaultsPostProcessor : For additional web related logging consider setting the 'logging.level.web' property to 'DEBUG'
2021-07-02 15:00:32.384  INFO 15968 --- [restartedMain] o.s.b.w.embedded.tomcat.TomcatWebServer  : Tomcat initialized with port(s): 8080 (http)
2021-07-02 15:00:32.392  INFO 15968 --- [restartedMain] o.apache.catalina.core.StandardService   : Starting service [Tomcat]
2021-07-02 15:00:32.392  INFO 15968 --- [restartedMain] org.apache.catalina.core.StandardEngine  : Starting Servlet engine: [Apache Tomcat/9.0.48]
2021-07-02 15:00:32.510  INFO 15968 --- [restartedMain] o.a.c.c.C.[Tomcat].[localhost].[/]       : Initializing Spring embedded WebApplicationContext
2021-07-02 15:00:32.510  INFO 15968 --- [restartedMain] w.s.c.ServletWebServerApplicationContext : Root WebApplicationContext: initialization completed in 1096 ms
2021-07-02 15:00:32.851  INFO 15968 --- [restartedMain] o.s.b.d.a.OptionalLiveReloadServer       : LiveReload server is running on port 35729
2021-07-02 15:00:32.889  INFO 15968 --- [restartedMain] o.s.b.w.embedded.tomcat.TomcatWebServer  : Tomcat started on port(s): 8080 (http) with context path ''
2021-07-02 15:00:32.898  INFO 15968 --- [restartedMain] com.cherso.cripto.CriptoApplication      : Started CriptoApplication in 2.038 seconds (JVM running for 3.458)
2021-07-02 15:00:50.282  INFO 15968 --- [http-nio-8080-exec-1] o.a.c.c.C.[Tomcat].[localhost].[/]       : Initializing Spring DispatcherServlet 'dispatcherServlet'
2021-07-02 15:00:50.282  INFO 15968 --- [http-nio-8080-exec-1] o.s.web.servlet.DispatcherServlet        : Initializing Servlet 'dispatcherServlet'
2021-07-02 15:00:50.282  INFO 15968 --- [http-nio-8080-exec-1] o.s.web.servlet.DispatcherServlet        : Completed initialization in 0 ms
2021-07-02 15:00:53.133  INFO 15968 --- [http-nio-8080-exec-1] c.c.cripto.controllers.HomeController    : Ingreso HomeController con datos - moneda: USDT tiempo: 1 movimiento: 1
2021-07-02 15:00:55.177  INFO 15968 --- [http-nio-8080-exec-1] c.c.cripto.controllers.HomeController    : Ingreso al Home Service
2021-07-02 15:06:42.773  INFO 27284 --- [restartedMain] com.cherso.cripto.CriptoApplication      : Starting CriptoApplication using Java 1.8.0_131 on SISTEMASP62 with PID 27284 (C:\REPO_GIT\cripto\target\classes started by cersosimof in C:\REPO_GIT\cripto)
2021-07-02 15:06:42.775  INFO 27284 --- [restartedMain] com.cherso.cripto.CriptoApplication      : No active profile set, falling back to default profiles: default
2021-07-02 15:06:42.827  INFO 27284 --- [restartedMain] .e.DevToolsPropertyDefaultsPostProcessor : Devtools property defaults active! Set 'spring.devtools.add-properties' to 'false' to disable
2021-07-02 15:06:42.827  INFO 27284 --- [restartedMain] .e.DevToolsPropertyDefaultsPostProcessor : For additional web related logging consider setting the 'logging.level.web' property to 'DEBUG'
2021-07-02 15:06:43.788  INFO 27284 --- [restartedMain] o.s.b.w.embedded.tomcat.TomcatWebServer  : Tomcat initialized with port(s): 8080 (http)
2021-07-02 15:06:43.796  INFO 27284 --- [restartedMain] o.apache.catalina.core.StandardService   : Starting service [Tomcat]
2021-07-02 15:06:43.796  INFO 27284 --- [restartedMain] org.apache.catalina.core.StandardEngine  : Starting Servlet engine: [Apache Tomcat/9.0.48]
2021-07-02 15:06:43.918  INFO 27284 --- [restartedMain] o.a.c.c.C.[Tomcat].[localhost].[/]       : Initializing Spring embedded WebApplicationContext
2021-07-02 15:06:43.918  INFO 27284 --- [restartedMain] w.s.c.ServletWebServerApplicationContext : Root WebApplicationContext: initialization completed in 1090 ms
2021-07-02 15:06:44.262  INFO 27284 --- [restartedMain] o.s.b.d.a.OptionalLiveReloadServer       : LiveReload server is running on port 35729
2021-07-02 15:06:44.305  INFO 27284 --- [restartedMain] o.s.b.w.embedded.tomcat.TomcatWebServer  : Tomcat started on port(s): 8080 (http) with context path ''
2021-07-02 15:06:44.313  INFO 27284 --- [restartedMain] com.cherso.cripto.CriptoApplication      : Started CriptoApplication in 2.069 seconds (JVM running for 3.398)
2021-07-02 15:09:22.363  INFO 14568 --- [restartedMain] com.cherso.cripto.CriptoApplication      : Starting CriptoApplication using Java 1.8.0_131 on SISTEMASP62 with PID 14568 (C:\REPO_GIT\cripto\target\classes started by cersosimof in C:\REPO_GIT\cripto)
2021-07-02 15:09:22.365  INFO 14568 --- [restartedMain] com.cherso.cripto.CriptoApplication      : No active profile set, falling back to default profiles: default
2021-07-02 15:09:22.419  INFO 14568 --- [restartedMain] .e.DevToolsPropertyDefaultsPostProcessor : Devtools property defaults active! Set 'spring.devtools.add-properties' to 'false' to disable
2021-07-02 15:09:22.419  INFO 14568 --- [restartedMain] .e.DevToolsPropertyDefaultsPostProcessor : For additional web related logging consider setting the 'logging.level.web' property to 'DEBUG'
2021-07-02 15:09:23.392  INFO 14568 --- [restartedMain] o.s.b.w.embedded.tomcat.TomcatWebServer  : Tomcat initialized with port(s): 8080 (http)
2021-07-02 15:09:23.400  INFO 14568 --- [restartedMain] o.apache.catalina.core.StandardService   : Starting service [Tomcat]
2021-07-02 15:09:23.400  INFO 14568 --- [restartedMain] org.apache.catalina.core.StandardEngine  : Starting Servlet engine: [Apache Tomcat/9.0.48]
2021-07-02 15:09:23.528  INFO 14568 --- [restartedMain] o.a.c.c.C.[Tomcat].[localhost].[/]       : Initializing Spring embedded WebApplicationContext
2021-07-02 15:09:23.528  INFO 14568 --- [restartedMain] w.s.c.ServletWebServerApplicationContext : Root WebApplicationContext: initialization completed in 1109 ms
2021-07-02 15:09:23.903  INFO 14568 --- [restartedMain] o.s.b.d.a.OptionalLiveReloadServer       : LiveReload server is running on port 35729
2021-07-02 15:09:23.934  INFO 14568 --- [restartedMain] o.s.b.w.embedded.tomcat.TomcatWebServer  : Tomcat started on port(s): 8080 (http) with context path ''
2021-07-02 15:09:23.942  INFO 14568 --- [restartedMain] com.cherso.cripto.CriptoApplication      : Started CriptoApplication in 2.107 seconds (JVM running for 3.336)
2021-07-02 15:12:02.342  INFO 14568 --- [http-nio-8080-exec-1] o.a.c.c.C.[Tomcat].[localhost].[/]       : Initializing Spring DispatcherServlet 'dispatcherServlet'
2021-07-02 15:12:02.342  INFO 14568 --- [http-nio-8080-exec-1] o.s.web.servlet.DispatcherServlet        : Initializing Servlet 'dispatcherServlet'
2021-07-02 15:12:02.343  INFO 14568 --- [http-nio-8080-exec-1] o.s.web.servlet.DispatcherServlet        : Completed initialization in 0 ms
2021-07-02 15:12:06.394  INFO 14568 --- [http-nio-8080-exec-2] c.c.cripto.controllers.HomeController    : Ingreso HomeController con datos - moneda: USDT tiempo: 1 movimiento: 1
2021-07-02 15:12:12.096  INFO 14568 --- [http-nio-8080-exec-2] c.c.cripto.controllers.HomeController    : Ingreso al Home Service
2021-07-02 15:17:55.140  INFO 13868 --- [restartedMain] com.cherso.cripto.CriptoApplication      : Starting CriptoApplication using Java 1.8.0_131 on SISTEMASP62 with PID 13868 (C:\REPO_GIT\cripto\target\classes started by cersosimof in C:\REPO_GIT\cripto)
2021-07-02 15:17:55.143  INFO 13868 --- [restartedMain] com.cherso.cripto.CriptoApplication      : No active profile set, falling back to default profiles: default
2021-07-02 15:17:55.191  INFO 13868 --- [restartedMain] .e.DevToolsPropertyDefaultsPostProcessor : Devtools property defaults active! Set 'spring.devtools.add-properties' to 'false' to disable
2021-07-02 15:17:55.191  INFO 13868 --- [restartedMain] .e.DevToolsPropertyDefaultsPostProcessor : For additional web related logging consider setting the 'logging.level.web' property to 'DEBUG'
2021-07-02 15:17:56.158  INFO 13868 --- [restartedMain] o.s.b.w.embedded.tomcat.TomcatWebServer  : Tomcat initialized with port(s): 8080 (http)
2021-07-02 15:17:56.165  INFO 13868 --- [restartedMain] o.apache.catalina.core.StandardService   : Starting service [Tomcat]
2021-07-02 15:17:56.166  INFO 13868 --- [restartedMain] org.apache.catalina.core.StandardEngine  : Starting Servlet engine: [Apache Tomcat/9.0.48]
2021-07-02 15:17:56.285  INFO 13868 --- [restartedMain] o.a.c.c.C.[Tomcat].[localhost].[/]       : Initializing Spring embedded WebApplicationContext
2021-07-02 15:17:56.285  INFO 13868 --- [restartedMain] w.s.c.ServletWebServerApplicationContext : Root WebApplicationContext: initialization completed in 1093 ms
2021-07-02 15:17:56.650  INFO 13868 --- [restartedMain] o.s.b.d.a.OptionalLiveReloadServer       : LiveReload server is running on port 35729
2021-07-02 15:17:56.679  INFO 13868 --- [restartedMain] o.s.b.w.embedded.tomcat.TomcatWebServer  : Tomcat started on port(s): 8080 (http) with context path ''
2021-07-02 15:17:56.687  INFO 13868 --- [restartedMain] com.cherso.cripto.CriptoApplication      : Started CriptoApplication in 2.065 seconds (JVM running for 3.329)
2021-07-02 15:21:56.699  INFO 7096 --- [restartedMain] com.cherso.cripto.CriptoApplication      : Starting CriptoApplication using Java 1.8.0_131 on SISTEMASP62 with PID 7096 (C:\REPO_GIT\cripto\target\classes started by cersosimof in C:\REPO_GIT\cripto)
2021-07-02 15:21:56.701  INFO 7096 --- [restartedMain] com.cherso.cripto.CriptoApplication      : No active profile set, falling back to default profiles: default
2021-07-02 15:21:56.752  INFO 7096 --- [restartedMain] .e.DevToolsPropertyDefaultsPostProcessor : Devtools property defaults active! Set 'spring.devtools.add-properties' to 'false' to disable
2021-07-02 15:21:56.752  INFO 7096 --- [restartedMain] .e.DevToolsPropertyDefaultsPostProcessor : For additional web related logging consider setting the 'logging.level.web' property to 'DEBUG'
2021-07-02 15:21:57.732  INFO 7096 --- [restartedMain] o.s.b.w.embedded.tomcat.TomcatWebServer  : Tomcat initialized with port(s): 8080 (http)
2021-07-02 15:21:57.740  INFO 7096 --- [restartedMain] o.apache.catalina.core.StandardService   : Starting service [Tomcat]
2021-07-02 15:21:57.740  INFO 7096 --- [restartedMain] org.apache.catalina.core.StandardEngine  : Starting Servlet engine: [Apache Tomcat/9.0.48]
2021-07-02 15:21:57.852  INFO 7096 --- [restartedMain] o.a.c.c.C.[Tomcat].[localhost].[/]       : Initializing Spring embedded WebApplicationContext
2021-07-02 15:21:57.853  INFO 7096 --- [restartedMain] w.s.c.ServletWebServerApplicationContext : Root WebApplicationContext: initialization completed in 1101 ms
2021-07-02 15:21:58.244  INFO 7096 --- [restartedMain] o.s.b.d.a.OptionalLiveReloadServer       : LiveReload server is running on port 35729
2021-07-02 15:21:58.283  INFO 7096 --- [restartedMain] o.s.b.w.embedded.tomcat.TomcatWebServer  : Tomcat started on port(s): 8080 (http) with context path ''
2021-07-02 15:21:58.291  INFO 7096 --- [restartedMain] com.cherso.cripto.CriptoApplication      : Started CriptoApplication in 2.11 seconds (JVM running for 3.445)
2021-07-02 15:22:21.503  INFO 7096 --- [http-nio-8080-exec-1] o.a.c.c.C.[Tomcat].[localhost].[/]       : Initializing Spring DispatcherServlet 'dispatcherServlet'
2021-07-02 15:22:21.503  INFO 7096 --- [http-nio-8080-exec-1] o.s.web.servlet.DispatcherServlet        : Initializing Servlet 'dispatcherServlet'
2021-07-02 15:22:21.503  INFO 7096 --- [http-nio-8080-exec-1] o.s.web.servlet.DispatcherServlet        : Completed initialization in 0 ms
2021-07-02 15:22:23.767  INFO 7096 --- [http-nio-8080-exec-1] c.c.cripto.controllers.HomeController    : Ingreso HomeController con datos - moneda: USDT tiempo: 1 movimiento: 1
2021-07-02 15:22:30.115  INFO 7096 --- [http-nio-8080-exec-1] c.c.cripto.controllers.HomeController    : Ingreso al Home Service
2021-07-02 15:22:56.443 ERROR 7096 --- [http-nio-8080-exec-1] o.a.c.c.C.[.[.[/].[dispatcherServlet]    : Servlet.service() for servlet [dispatcherServlet] in context with path [] threw exception [Request processing failed; nested exception is com.google.gson.JsonSyntaxException: java.lang.IllegalStateException: Expected BEGIN_OBJECT but was BEGIN_ARRAY at line 1 column 2 path $] with root cause

java.lang.IllegalStateException: Expected BEGIN_OBJECT but was BEGIN_ARRAY at line 1 column 2 path $
	at com.google.gson.stream.JsonReader.beginObject(JsonReader.java:385) ~[gson-2.8.5.jar:na]
	at com.google.gson.internal.bind.ReflectiveTypeAdapterFactory$Adapter.read(ReflectiveTypeAdapterFactory.java:215) ~[gson-2.8.5.jar:na]
	at com.google.gson.Gson.fromJson(Gson.java:927) ~[gson-2.8.5.jar:na]
	at com.google.gson.Gson.fromJson(Gson.java:892) ~[gson-2.8.5.jar:na]
	at com.google.gson.Gson.fromJson(Gson.java:841) ~[gson-2.8.5.jar:na]
	at com.google.gson.Gson.fromJson(Gson.java:813) ~[gson-2.8.5.jar:na]
	at com.cherso.cripto.services.HomeService.buscarDatos(HomeService.java:33) ~[classes/:na]
	at com.cherso.cripto.controllers.HomeController.hello(HomeController.java:38) ~[classes/:na]
	at sun.reflect.NativeMethodAccessorImpl.invoke0(Native Method) ~[na:1.8.0_131]
	at sun.reflect.NativeMethodAccessorImpl.invoke(NativeMethodAccessorImpl.java:62) ~[na:1.8.0_131]
	at sun.reflect.DelegatingMethodAccessorImpl.invoke(DelegatingMethodAccessorImpl.java:43) ~[na:1.8.0_131]
	at java.lang.reflect.Method.invoke(Method.java:498) ~[na:1.8.0_131]
	at org.springframework.web.method.support.InvocableHandlerMethod.doInvoke(InvocableHandlerMethod.java:197) ~[spring-web-5.3.8.jar:5.3.8]
	at org.springframework.web.method.support.InvocableHandlerMethod.invokeForRequest(InvocableHandlerMethod.java:141) ~[spring-web-5.3.8.jar:5.3.8]
	at org.springframework.web.servlet.mvc.method.annotation.ServletInvocableHandlerMethod.invokeAndHandle(ServletInvocableHandlerMethod.java:106) ~[spring-webmvc-5.3.8.jar:5.3.8]
	at org.springframework.web.servlet.mvc.method.annotation.RequestMappingHandlerAdapter.invokeHandlerMethod(RequestMappingHandlerAdapter.java:894) ~[spring-webmvc-5.3.8.jar:5.3.8]
	at org.springframework.web.servlet.mvc.method.annotation.RequestMappingHandlerAdapter.handleInternal(RequestMappingHandlerAdapter.java:808) ~[spring-webmvc-5.3.8.jar:5.3.8]
	at org.springframework.web.servlet.mvc.method.AbstractHandlerMethodAdapter.handle(AbstractHandlerMethodAdapter.java:87) ~[spring-webmvc-5.3.8.jar:5.3.8]
	at org.springframework.web.servlet.DispatcherServlet.doDispatch(DispatcherServlet.java:1063) ~[spring-webmvc-5.3.8.jar:5.3.8]
	at org.springframework.web.servlet.DispatcherServlet.doService(DispatcherServlet.java:963) ~[spring-webmvc-5.3.8.jar:5.3.8]
	at org.springframework.web.servlet.FrameworkServlet.processRequest(FrameworkServlet.java:1006) ~[spring-webmvc-5.3.8.jar:5.3.8]
	at org.springframework.web.servlet.FrameworkServlet.doGet(FrameworkServlet.java:898) ~[spring-webmvc-5.3.8.jar:5.3.8]
	at javax.servlet.http.HttpServlet.service(HttpServlet.java:655) ~[tomcat-embed-core-9.0.48.jar:4.0.FR]
	at org.springframework.web.servlet.FrameworkServlet.service(FrameworkServlet.java:883) ~[spring-webmvc-5.3.8.jar:5.3.8]
	at javax.servlet.http.HttpServlet.service(HttpServlet.java:764) ~[tomcat-embed-core-9.0.48.jar:4.0.FR]
	at org.apache.catalina.core.ApplicationFilterChain.internalDoFilter(ApplicationFilterChain.java:228) ~[tomcat-embed-core-9.0.48.jar:9.0.48]
	at org.apache.catalina.core.ApplicationFilterChain.doFilter(ApplicationFilterChain.java:163) ~[tomcat-embed-core-9.0.48.jar:9.0.48]
	at org.apache.tomcat.websocket.server.WsFilter.doFilter(WsFilter.java:53) ~[tomcat-embed-websocket-9.0.48.jar:9.0.48]
	at org.apache.catalina.core.ApplicationFilterChain.internalDoFilter(ApplicationFilterChain.java:190) ~[tomcat-embed-core-9.0.48.jar:9.0.48]
	at org.apache.catalina.core.ApplicationFilterChain.doFilter(ApplicationFilterChain.java:163) ~[tomcat-embed-core-9.0.48.jar:9.0.48]
	at org.springframework.web.filter.RequestContextFilter.doFilterInternal(RequestContextFilter.java:100) ~[spring-web-5.3.8.jar:5.3.8]
	at org.springframework.web.filter.OncePerRequestFilter.doFilter(OncePerRequestFilter.java:119) ~[spring-web-5.3.8.jar:5.3.8]
	at org.apache.catalina.core.ApplicationFilterChain.internalDoFilter(ApplicationFilterChain.java:190) ~[tomcat-embed-core-9.0.48.jar:9.0.48]
	at org.apache.catalina.core.ApplicationFilterChain.doFilter(ApplicationFilterChain.java:163) ~[tomcat-embed-core-9.0.48.jar:9.0.48]
	at org.springframework.web.filter.FormContentFilter.doFilterInternal(FormContentFilter.java:93) ~[spring-web-5.3.8.jar:5.3.8]
	at org.springframework.web.filter.OncePerRequestFilter.doFilter(OncePerRequestFilter.java:119) ~[spring-web-5.3.8.jar:5.3.8]
	at org.apache.catalina.core.ApplicationFilterChain.internalDoFilter(ApplicationFilterChain.java:190) ~[tomcat-embed-core-9.0.48.jar:9.0.48]
	at org.apache.catalina.core.ApplicationFilterChain.doFilter(ApplicationFilterChain.java:163) ~[tomcat-embed-core-9.0.48.jar:9.0.48]
	at org.springframework.web.filter.CharacterEncodingFilter.doFilterInternal(CharacterEncodingFilter.java:201) ~[spring-web-5.3.8.jar:5.3.8]
	at org.springframework.web.filter.OncePerRequestFilter.doFilter(OncePerRequestFilter.java:119) ~[spring-web-5.3.8.jar:5.3.8]
	at org.apache.catalina.core.ApplicationFilterChain.internalDoFilter(ApplicationFilterChain.java:190) ~[tomcat-embed-core-9.0.48.jar:9.0.48]
	at org.apache.catalina.core.ApplicationFilterChain.doFilter(ApplicationFilterChain.java:163) ~[tomcat-embed-core-9.0.48.jar:9.0.48]
	at org.apache.catalina.core.StandardWrapperValve.invoke(StandardWrapperValve.java:202) ~[tomcat-embed-core-9.0.48.jar:9.0.48]
	at org.apache.catalina.core.StandardContextValve.invoke(StandardContextValve.java:97) [tomcat-embed-core-9.0.48.jar:9.0.48]
	at org.apache.catalina.authenticator.AuthenticatorBase.invoke(AuthenticatorBase.java:542) [tomcat-embed-core-9.0.48.jar:9.0.48]
	at org.apache.catalina.core.StandardHostValve.invoke(StandardHostValve.java:143) [tomcat-embed-core-9.0.48.jar:9.0.48]
	at org.apache.catalina.valves.ErrorReportValve.invoke(ErrorReportValve.java:92) [tomcat-embed-core-9.0.48.jar:9.0.48]
	at org.apache.catalina.core.StandardEngineValve.invoke(StandardEngineValve.java:78) [tomcat-embed-core-9.0.48.jar:9.0.48]
	at org.apache.catalina.connector.CoyoteAdapter.service(CoyoteAdapter.java:357) [tomcat-embed-core-9.0.48.jar:9.0.48]
	at org.apache.coyote.http11.Http11Processor.service(Http11Processor.java:382) [tomcat-embed-core-9.0.48.jar:9.0.48]
	at org.apache.coyote.AbstractProcessorLight.process(AbstractProcessorLight.java:65) [tomcat-embed-core-9.0.48.jar:9.0.48]
	at org.apache.coyote.AbstractProtocol$ConnectionHandler.process(AbstractProtocol.java:893) [tomcat-embed-core-9.0.48.jar:9.0.48]
	at org.apache.tomcat.util.net.NioEndpoint$SocketProcessor.doRun(NioEndpoint.java:1723) [tomcat-embed-core-9.0.48.jar:9.0.48]
	at org.apache.tomcat.util.net.SocketProcessorBase.run(SocketProcessorBase.java:49) [tomcat-embed-core-9.0.48.jar:9.0.48]
	at java.util.concurrent.ThreadPoolExecutor.runWorker(ThreadPoolExecutor.java:1142) [na:1.8.0_131]
	at java.util.concurrent.ThreadPoolExecutor$Worker.run(ThreadPoolExecutor.java:617) [na:1.8.0_131]
	at org.apache.tomcat.util.threads.TaskThread$WrappingRunnable.run(TaskThread.java:61) [tomcat-embed-core-9.0.48.jar:9.0.48]
	at java.lang.Thread.run(Thread.java:748) [na:1.8.0_131]

2021-07-02 15:23:11.878  INFO 7096 --- [http-nio-8080-exec-2] c.c.cripto.controllers.HomeController    : Ingreso HomeController con datos - moneda: USDT tiempo: 1 movimiento: 1
2021-07-02 15:23:11.879  INFO 7096 --- [http-nio-8080-exec-2] c.c.cripto.controllers.HomeController    : Ingreso al Home Service
2021-07-02 15:23:13.150 ERROR 7096 --- [http-nio-8080-exec-2] o.a.c.c.C.[.[.[/].[dispatcherServlet]    : Servlet.service() for servlet [dispatcherServlet] in context with path [] threw exception [Request processing failed; nested exception is com.google.gson.JsonSyntaxException: java.lang.IllegalStateException: Expected BEGIN_OBJECT but was BEGIN_ARRAY at line 1 column 2 path $] with root cause

java.lang.IllegalStateException: Expected BEGIN_OBJECT but was BEGIN_ARRAY at line 1 column 2 path $
	at com.google.gson.stream.JsonReader.beginObject(JsonReader.java:385) ~[gson-2.8.5.jar:na]
	at com.google.gson.internal.bind.ReflectiveTypeAdapterFactory$Adapter.read(ReflectiveTypeAdapterFactory.java:215) ~[gson-2.8.5.jar:na]
	at com.google.gson.Gson.fromJson(Gson.java:927) ~[gson-2.8.5.jar:na]
	at com.google.gson.Gson.fromJson(Gson.java:892) ~[gson-2.8.5.jar:na]
	at com.google.gson.Gson.fromJson(Gson.java:841) ~[gson-2.8.5.jar:na]
	at com.google.gson.Gson.fromJson(Gson.java:813) ~[gson-2.8.5.jar:na]
	at com.cherso.cripto.services.HomeService.buscarDatos(HomeService.java:33) ~[classes/:na]
	at com.cherso.cripto.controllers.HomeController.hello(HomeController.java:38) ~[classes/:na]
	at sun.reflect.NativeMethodAccessorImpl.invoke0(Native Method) ~[na:1.8.0_131]
	at sun.reflect.NativeMethodAccessorImpl.invoke(NativeMethodAccessorImpl.java:62) ~[na:1.8.0_131]
	at sun.reflect.DelegatingMethodAccessorImpl.invoke(DelegatingMethodAccessorImpl.java:43) ~[na:1.8.0_131]
	at java.lang.reflect.Method.invoke(Method.java:498) ~[na:1.8.0_131]
	at org.springframework.web.method.support.InvocableHandlerMethod.doInvoke(InvocableHandlerMethod.java:197) ~[spring-web-5.3.8.jar:5.3.8]
	at org.springframework.web.method.support.InvocableHandlerMethod.invokeForRequest(InvocableHandlerMethod.java:141) ~[spring-web-5.3.8.jar:5.3.8]
	at org.springframework.web.servlet.mvc.method.annotation.ServletInvocableHandlerMethod.invokeAndHandle(ServletInvocableHandlerMethod.java:106) ~[spring-webmvc-5.3.8.jar:5.3.8]
	at org.springframework.web.servlet.mvc.method.annotation.RequestMappingHandlerAdapter.invokeHandlerMethod(RequestMappingHandlerAdapter.java:894) ~[spring-webmvc-5.3.8.jar:5.3.8]
	at org.springframework.web.servlet.mvc.method.annotation.RequestMappingHandlerAdapter.handleInternal(RequestMappingHandlerAdapter.java:808) ~[spring-webmvc-5.3.8.jar:5.3.8]
	at org.springframework.web.servlet.mvc.method.AbstractHandlerMethodAdapter.handle(AbstractHandlerMethodAdapter.java:87) ~[spring-webmvc-5.3.8.jar:5.3.8]
	at org.springframework.web.servlet.DispatcherServlet.doDispatch(DispatcherServlet.java:1063) ~[spring-webmvc-5.3.8.jar:5.3.8]
	at org.springframework.web.servlet.DispatcherServlet.doService(DispatcherServlet.java:963) ~[spring-webmvc-5.3.8.jar:5.3.8]
	at org.springframework.web.servlet.FrameworkServlet.processRequest(FrameworkServlet.java:1006) ~[spring-webmvc-5.3.8.jar:5.3.8]
	at org.springframework.web.servlet.FrameworkServlet.doGet(FrameworkServlet.java:898) ~[spring-webmvc-5.3.8.jar:5.3.8]
	at javax.servlet.http.HttpServlet.service(HttpServlet.java:655) ~[tomcat-embed-core-9.0.48.jar:4.0.FR]
	at org.springframework.web.servlet.FrameworkServlet.service(FrameworkServlet.java:883) ~[spring-webmvc-5.3.8.jar:5.3.8]
	at javax.servlet.http.HttpServlet.service(HttpServlet.java:764) ~[tomcat-embed-core-9.0.48.jar:4.0.FR]
	at org.apache.catalina.core.ApplicationFilterChain.internalDoFilter(ApplicationFilterChain.java:228) ~[tomcat-embed-core-9.0.48.jar:9.0.48]
	at org.apache.catalina.core.ApplicationFilterChain.doFilter(ApplicationFilterChain.java:163) ~[tomcat-embed-core-9.0.48.jar:9.0.48]
	at org.apache.tomcat.websocket.server.WsFilter.doFilter(WsFilter.java:53) ~[tomcat-embed-websocket-9.0.48.jar:9.0.48]
	at org.apache.catalina.core.ApplicationFilterChain.internalDoFilter(ApplicationFilterChain.java:190) ~[tomcat-embed-core-9.0.48.jar:9.0.48]
	at org.apache.catalina.core.ApplicationFilterChain.doFilter(ApplicationFilterChain.java:163) ~[tomcat-embed-core-9.0.48.jar:9.0.48]
	at org.springframework.web.filter.RequestContextFilter.doFilterInternal(RequestContextFilter.java:100) ~[spring-web-5.3.8.jar:5.3.8]
	at org.springframework.web.filter.OncePerRequestFilter.doFilter(OncePerRequestFilter.java:119) ~[spring-web-5.3.8.jar:5.3.8]
	at org.apache.catalina.core.ApplicationFilterChain.internalDoFilter(ApplicationFilterChain.java:190) ~[tomcat-embed-core-9.0.48.jar:9.0.48]
	at org.apache.catalina.core.ApplicationFilterChain.doFilter(ApplicationFilterChain.java:163) ~[tomcat-embed-core-9.0.48.jar:9.0.48]
	at org.springframework.web.filter.FormContentFilter.doFilterInternal(FormContentFilter.java:93) ~[spring-web-5.3.8.jar:5.3.8]
	at org.springframework.web.filter.OncePerRequestFilter.doFilter(OncePerRequestFilter.java:119) ~[spring-web-5.3.8.jar:5.3.8]
	at org.apache.catalina.core.ApplicationFilterChain.internalDoFilter(ApplicationFilterChain.java:190) ~[tomcat-embed-core-9.0.48.jar:9.0.48]
	at org.apache.catalina.core.ApplicationFilterChain.doFilter(ApplicationFilterChain.java:163) ~[tomcat-embed-core-9.0.48.jar:9.0.48]
	at org.springframework.web.filter.CharacterEncodingFilter.doFilterInternal(CharacterEncodingFilter.java:201) ~[spring-web-5.3.8.jar:5.3.8]
	at org.springframework.web.filter.OncePerRequestFilter.doFilter(OncePerRequestFilter.java:119) ~[spring-web-5.3.8.jar:5.3.8]
	at org.apache.catalina.core.ApplicationFilterChain.internalDoFilter(ApplicationFilterChain.java:190) ~[tomcat-embed-core-9.0.48.jar:9.0.48]
	at org.apache.catalina.core.ApplicationFilterChain.doFilter(ApplicationFilterChain.java:163) ~[tomcat-embed-core-9.0.48.jar:9.0.48]
	at org.apache.catalina.core.StandardWrapperValve.invoke(StandardWrapperValve.java:202) ~[tomcat-embed-core-9.0.48.jar:9.0.48]
	at org.apache.catalina.core.StandardContextValve.invoke(StandardContextValve.java:97) [tomcat-embed-core-9.0.48.jar:9.0.48]
	at org.apache.catalina.authenticator.AuthenticatorBase.invoke(AuthenticatorBase.java:542) [tomcat-embed-core-9.0.48.jar:9.0.48]
	at org.apache.catalina.core.StandardHostValve.invoke(StandardHostValve.java:143) [tomcat-embed-core-9.0.48.jar:9.0.48]
	at org.apache.catalina.valves.ErrorReportValve.invoke(ErrorReportValve.java:92) [tomcat-embed-core-9.0.48.jar:9.0.48]
	at org.apache.catalina.core.StandardEngineValve.invoke(StandardEngineValve.java:78) [tomcat-embed-core-9.0.48.jar:9.0.48]
	at org.apache.catalina.connector.CoyoteAdapter.service(CoyoteAdapter.java:357) [tomcat-embed-core-9.0.48.jar:9.0.48]
	at org.apache.coyote.http11.Http11Processor.service(Http11Processor.java:382) [tomcat-embed-core-9.0.48.jar:9.0.48]
	at org.apache.coyote.AbstractProcessorLight.process(AbstractProcessorLight.java:65) [tomcat-embed-core-9.0.48.jar:9.0.48]
	at org.apache.coyote.AbstractProtocol$ConnectionHandler.process(AbstractProtocol.java:893) [tomcat-embed-core-9.0.48.jar:9.0.48]
	at org.apache.tomcat.util.net.NioEndpoint$SocketProcessor.doRun(NioEndpoint.java:1723) [tomcat-embed-core-9.0.48.jar:9.0.48]
	at org.apache.tomcat.util.net.SocketProcessorBase.run(SocketProcessorBase.java:49) [tomcat-embed-core-9.0.48.jar:9.0.48]
	at java.util.concurrent.ThreadPoolExecutor.runWorker(ThreadPoolExecutor.java:1142) [na:1.8.0_131]
	at java.util.concurrent.ThreadPoolExecutor$Worker.run(ThreadPoolExecutor.java:617) [na:1.8.0_131]
	at org.apache.tomcat.util.threads.TaskThread$WrappingRunnable.run(TaskThread.java:61) [tomcat-embed-core-9.0.48.jar:9.0.48]
	at java.lang.Thread.run(Thread.java:748) [na:1.8.0_131]

2021-07-02 15:28:42.796  INFO 16752 --- [restartedMain] com.cherso.cripto.CriptoApplication      : Starting CriptoApplication using Java 1.8.0_131 on SISTEMASP62 with PID 16752 (C:\REPO_GIT\cripto\target\classes started by cersosimof in C:\REPO_GIT\cripto)
2021-07-02 15:28:42.799  INFO 16752 --- [restartedMain] com.cherso.cripto.CriptoApplication      : No active profile set, falling back to default profiles: default
2021-07-02 15:28:42.850  INFO 16752 --- [restartedMain] .e.DevToolsPropertyDefaultsPostProcessor : Devtools property defaults active! Set 'spring.devtools.add-properties' to 'false' to disable
2021-07-02 15:28:42.850  INFO 16752 --- [restartedMain] .e.DevToolsPropertyDefaultsPostProcessor : For additional web related logging consider setting the 'logging.level.web' property to 'DEBUG'
2021-07-02 15:28:43.852  INFO 16752 --- [restartedMain] o.s.b.w.embedded.tomcat.TomcatWebServer  : Tomcat initialized with port(s): 8080 (http)
2021-07-02 15:28:43.865  INFO 16752 --- [restartedMain] o.apache.catalina.core.StandardService   : Starting service [Tomcat]
2021-07-02 15:28:43.865  INFO 16752 --- [restartedMain] org.apache.catalina.core.StandardEngine  : Starting Servlet engine: [Apache Tomcat/9.0.48]
2021-07-02 15:28:44.006  INFO 16752 --- [restartedMain] o.a.c.c.C.[Tomcat].[localhost].[/]       : Initializing Spring embedded WebApplicationContext
2021-07-02 15:28:44.007  INFO 16752 --- [restartedMain] w.s.c.ServletWebServerApplicationContext : Root WebApplicationContext: initialization completed in 1156 ms
2021-07-02 15:28:44.390  INFO 16752 --- [restartedMain] o.s.b.d.a.OptionalLiveReloadServer       : LiveReload server is running on port 35729
2021-07-02 15:28:44.429  INFO 16752 --- [restartedMain] o.s.b.w.embedded.tomcat.TomcatWebServer  : Tomcat started on port(s): 8080 (http) with context path ''
2021-07-02 15:28:44.437  INFO 16752 --- [restartedMain] com.cherso.cripto.CriptoApplication      : Started CriptoApplication in 2.159 seconds (JVM running for 3.436)
2021-07-02 15:28:57.140  INFO 16752 --- [http-nio-8080-exec-1] o.a.c.c.C.[Tomcat].[localhost].[/]       : Initializing Spring DispatcherServlet 'dispatcherServlet'
2021-07-02 15:28:57.141  INFO 16752 --- [http-nio-8080-exec-1] o.s.web.servlet.DispatcherServlet        : Initializing Servlet 'dispatcherServlet'
2021-07-02 15:28:57.142  INFO 16752 --- [http-nio-8080-exec-1] o.s.web.servlet.DispatcherServlet        : Completed initialization in 1 ms
2021-07-02 15:28:57.172  INFO 16752 --- [http-nio-8080-exec-1] c.c.cripto.controllers.HomeController    : Ingreso HomeController con datos - moneda: USDT tiempo: 1 movimiento: 1
2021-07-02 15:28:57.173  INFO 16752 --- [http-nio-8080-exec-1] c.c.cripto.controllers.HomeController    : Ingreso al Home Service
2021-07-02 15:46:47.238  INFO 17964 --- [restartedMain] com.cherso.cripto.CriptoApplication      : Starting CriptoApplication using Java 1.8.0_131 on SISTEMASP62 with PID 17964 (C:\REPO_GIT\cripto\target\classes started by cersosimof in C:\REPO_GIT\cripto)
2021-07-02 15:46:47.241  INFO 17964 --- [restartedMain] com.cherso.cripto.CriptoApplication      : No active profile set, falling back to default profiles: default
2021-07-02 15:46:47.299  INFO 17964 --- [restartedMain] .e.DevToolsPropertyDefaultsPostProcessor : Devtools property defaults active! Set 'spring.devtools.add-properties' to 'false' to disable
2021-07-02 15:46:47.299  INFO 17964 --- [restartedMain] .e.DevToolsPropertyDefaultsPostProcessor : For additional web related logging consider setting the 'logging.level.web' property to 'DEBUG'
2021-07-02 15:46:48.344  INFO 17964 --- [restartedMain] o.s.b.w.embedded.tomcat.TomcatWebServer  : Tomcat initialized with port(s): 8080 (http)
2021-07-02 15:46:48.351  INFO 17964 --- [restartedMain] o.apache.catalina.core.StandardService   : Starting service [Tomcat]
2021-07-02 15:46:48.351  INFO 17964 --- [restartedMain] org.apache.catalina.core.StandardEngine  : Starting Servlet engine: [Apache Tomcat/9.0.48]
2021-07-02 15:46:48.466  INFO 17964 --- [restartedMain] o.a.c.c.C.[Tomcat].[localhost].[/]       : Initializing Spring embedded WebApplicationContext
2021-07-02 15:46:48.466  INFO 17964 --- [restartedMain] w.s.c.ServletWebServerApplicationContext : Root WebApplicationContext: initialization completed in 1166 ms
2021-07-02 15:46:48.849  INFO 17964 --- [restartedMain] o.s.b.d.a.OptionalLiveReloadServer       : LiveReload server is running on port 35729
2021-07-02 15:46:48.886  INFO 17964 --- [restartedMain] o.s.b.w.embedded.tomcat.TomcatWebServer  : Tomcat started on port(s): 8080 (http) with context path ''
2021-07-02 15:46:48.894  INFO 17964 --- [restartedMain] com.cherso.cripto.CriptoApplication      : Started CriptoApplication in 2.159 seconds (JVM running for 3.498)
2021-07-02 15:46:57.937  INFO 17964 --- [http-nio-8080-exec-1] o.a.c.c.C.[Tomcat].[localhost].[/]       : Initializing Spring DispatcherServlet 'dispatcherServlet'
2021-07-02 15:46:57.938  INFO 17964 --- [http-nio-8080-exec-1] o.s.web.servlet.DispatcherServlet        : Initializing Servlet 'dispatcherServlet'
2021-07-02 15:46:57.939  INFO 17964 --- [http-nio-8080-exec-1] o.s.web.servlet.DispatcherServlet        : Completed initialization in 1 ms
2021-07-02 15:47:00.376  INFO 17964 --- [http-nio-8080-exec-2] c.c.cripto.controllers.HomeController    : Ingreso HomeController con datos - moneda: USDT tiempo: 1 movimiento: 1
2021-07-02 15:47:00.376  INFO 17964 --- [http-nio-8080-exec-2] c.c.cripto.controllers.HomeController    : Ingreso al Home Service
2021-07-02 15:49:37.431  INFO 17176 --- [restartedMain] com.cherso.cripto.CriptoApplication      : Starting CriptoApplication using Java 1.8.0_131 on SISTEMASP62 with PID 17176 (C:\REPO_GIT\cripto\target\classes started by cersosimof in C:\REPO_GIT\cripto)
2021-07-02 15:49:37.434  INFO 17176 --- [restartedMain] com.cherso.cripto.CriptoApplication      : No active profile set, falling back to default profiles: default
2021-07-02 15:49:37.487  INFO 17176 --- [restartedMain] .e.DevToolsPropertyDefaultsPostProcessor : Devtools property defaults active! Set 'spring.devtools.add-properties' to 'false' to disable
2021-07-02 15:49:37.487  INFO 17176 --- [restartedMain] .e.DevToolsPropertyDefaultsPostProcessor : For additional web related logging consider setting the 'logging.level.web' property to 'DEBUG'
2021-07-02 15:49:38.454  INFO 17176 --- [restartedMain] o.s.b.w.embedded.tomcat.TomcatWebServer  : Tomcat initialized with port(s): 8080 (http)
2021-07-02 15:49:38.466  INFO 17176 --- [restartedMain] o.apache.catalina.core.StandardService   : Starting service [Tomcat]
2021-07-02 15:49:38.466  INFO 17176 --- [restartedMain] org.apache.catalina.core.StandardEngine  : Starting Servlet engine: [Apache Tomcat/9.0.48]
2021-07-02 15:49:38.577  INFO 17176 --- [restartedMain] o.a.c.c.C.[Tomcat].[localhost].[/]       : Initializing Spring embedded WebApplicationContext
2021-07-02 15:49:38.577  INFO 17176 --- [restartedMain] w.s.c.ServletWebServerApplicationContext : Root WebApplicationContext: initialization completed in 1085 ms
2021-07-02 15:49:38.983  INFO 17176 --- [restartedMain] o.s.b.d.a.OptionalLiveReloadServer       : LiveReload server is running on port 35729
2021-07-02 15:49:39.023  INFO 17176 --- [restartedMain] o.s.b.w.embedded.tomcat.TomcatWebServer  : Tomcat started on port(s): 8080 (http) with context path ''
2021-07-02 15:49:39.032  INFO 17176 --- [restartedMain] com.cherso.cripto.CriptoApplication      : Started CriptoApplication in 2.117 seconds (JVM running for 3.361)
2021-07-02 16:10:35.586  INFO 14764 --- [restartedMain] com.cherso.cripto.CriptoApplication      : Starting CriptoApplication using Java 1.8.0_131 on SISTEMASP62 with PID 14764 (C:\REPO_GIT\cripto\target\classes started by cersosimof in C:\REPO_GIT\cripto)
2021-07-02 16:10:35.588  INFO 14764 --- [restartedMain] com.cherso.cripto.CriptoApplication      : No active profile set, falling back to default profiles: default
2021-07-02 16:10:35.646  INFO 14764 --- [restartedMain] .e.DevToolsPropertyDefaultsPostProcessor : Devtools property defaults active! Set 'spring.devtools.add-properties' to 'false' to disable
2021-07-02 16:10:35.647  INFO 14764 --- [restartedMain] .e.DevToolsPropertyDefaultsPostProcessor : For additional web related logging consider setting the 'logging.level.web' property to 'DEBUG'
2021-07-02 16:10:36.610  INFO 14764 --- [restartedMain] o.s.b.w.embedded.tomcat.TomcatWebServer  : Tomcat initialized with port(s): 8080 (http)
2021-07-02 16:10:36.618  INFO 14764 --- [restartedMain] o.apache.catalina.core.StandardService   : Starting service [Tomcat]
2021-07-02 16:10:36.618  INFO 14764 --- [restartedMain] org.apache.catalina.core.StandardEngine  : Starting Servlet engine: [Apache Tomcat/9.0.48]
2021-07-02 16:10:36.731  INFO 14764 --- [restartedMain] o.a.c.c.C.[Tomcat].[localhost].[/]       : Initializing Spring embedded WebApplicationContext
2021-07-02 16:10:36.731  INFO 14764 --- [restartedMain] w.s.c.ServletWebServerApplicationContext : Root WebApplicationContext: initialization completed in 1084 ms
2021-07-02 16:10:37.108  INFO 14764 --- [restartedMain] o.s.b.d.a.OptionalLiveReloadServer       : LiveReload server is running on port 35729
2021-07-02 16:10:37.145  INFO 14764 --- [restartedMain] o.s.b.w.embedded.tomcat.TomcatWebServer  : Tomcat started on port(s): 8080 (http) with context path ''
2021-07-02 16:10:37.153  INFO 14764 --- [restartedMain] com.cherso.cripto.CriptoApplication      : Started CriptoApplication in 2.079 seconds (JVM running for 3.269)
2021-07-02 16:11:13.837  INFO 22288 --- [restartedMain] com.cherso.cripto.CriptoApplication      : Starting CriptoApplication using Java 1.8.0_131 on SISTEMASP62 with PID 22288 (C:\REPO_GIT\cripto\target\classes started by cersosimof in C:\REPO_GIT\cripto)
2021-07-02 16:11:13.840  INFO 22288 --- [restartedMain] com.cherso.cripto.CriptoApplication      : No active profile set, falling back to default profiles: default
2021-07-02 16:11:13.903  INFO 22288 --- [restartedMain] .e.DevToolsPropertyDefaultsPostProcessor : Devtools property defaults active! Set 'spring.devtools.add-properties' to 'false' to disable
2021-07-02 16:11:13.903  INFO 22288 --- [restartedMain] .e.DevToolsPropertyDefaultsPostProcessor : For additional web related logging consider setting the 'logging.level.web' property to 'DEBUG'
2021-07-02 16:11:14.854  INFO 22288 --- [restartedMain] o.s.b.w.embedded.tomcat.TomcatWebServer  : Tomcat initialized with port(s): 8080 (http)
2021-07-02 16:11:14.867  INFO 22288 --- [restartedMain] o.apache.catalina.core.StandardService   : Starting service [Tomcat]
2021-07-02 16:11:14.867  INFO 22288 --- [restartedMain] org.apache.catalina.core.StandardEngine  : Starting Servlet engine: [Apache Tomcat/9.0.48]
2021-07-02 16:11:14.978  INFO 22288 --- [restartedMain] o.a.c.c.C.[Tomcat].[localhost].[/]       : Initializing Spring embedded WebApplicationContext
2021-07-02 16:11:14.978  INFO 22288 --- [restartedMain] w.s.c.ServletWebServerApplicationContext : Root WebApplicationContext: initialization completed in 1075 ms
2021-07-02 16:11:15.351  INFO 22288 --- [restartedMain] o.s.b.d.a.OptionalLiveReloadServer       : LiveReload server is running on port 35729
2021-07-02 16:11:15.388  INFO 22288 --- [restartedMain] o.s.b.w.embedded.tomcat.TomcatWebServer  : Tomcat started on port(s): 8080 (http) with context path ''
2021-07-02 16:11:15.396  INFO 22288 --- [restartedMain] com.cherso.cripto.CriptoApplication      : Started CriptoApplication in 2.069 seconds (JVM running for 3.237)
2021-07-02 16:11:29.588  INFO 22288 --- [http-nio-8080-exec-1] o.a.c.c.C.[Tomcat].[localhost].[/]       : Initializing Spring DispatcherServlet 'dispatcherServlet'
2021-07-02 16:11:29.588  INFO 22288 --- [http-nio-8080-exec-1] o.s.web.servlet.DispatcherServlet        : Initializing Servlet 'dispatcherServlet'
2021-07-02 16:11:29.589  INFO 22288 --- [http-nio-8080-exec-1] o.s.web.servlet.DispatcherServlet        : Completed initialization in 1 ms
2021-07-02 16:11:55.679  INFO 22288 --- [http-nio-8080-exec-2] c.c.cripto.controllers.HomeController    : Ingreso HomeController con datos - moneda: USDT tiempo: 1 movimiento: 1
2021-07-02 16:11:55.680  INFO 22288 --- [http-nio-8080-exec-2] c.c.cripto.controllers.HomeController    : Ingreso al Home Service
2021-07-02 16:11:57.969  INFO 22288 --- [http-nio-8080-exec-2] c.c.cripto.controllers.HomeController    : Se intenta parsear el String
2021-07-02 16:13:36.471  INFO 22288 --- [http-nio-8080-exec-3] c.c.cripto.controllers.HomeController    : Ingreso HomeController con datos - moneda: USDT tiempo: 1 movimiento: 1
2021-07-02 16:13:36.472  INFO 22288 --- [http-nio-8080-exec-3] c.c.cripto.controllers.HomeController    : Ingreso al Home Service
2021-07-02 16:13:38.257  INFO 22288 --- [http-nio-8080-exec-3] c.c.cripto.controllers.HomeController    : Se intenta parsear el String
2021-07-02 16:21:06.939  INFO 13376 --- [restartedMain] com.cherso.cripto.CriptoApplication      : Starting CriptoApplication using Java 1.8.0_131 on SISTEMASP62 with PID 13376 (C:\REPO_GIT\cripto\target\classes started by cersosimof in C:\REPO_GIT\cripto)
2021-07-02 16:21:06.941  INFO 13376 --- [restartedMain] com.cherso.cripto.CriptoApplication      : No active profile set, falling back to default profiles: default
2021-07-02 16:21:06.998  INFO 13376 --- [restartedMain] .e.DevToolsPropertyDefaultsPostProcessor : Devtools property defaults active! Set 'spring.devtools.add-properties' to 'false' to disable
2021-07-02 16:21:06.999  INFO 13376 --- [restartedMain] .e.DevToolsPropertyDefaultsPostProcessor : For additional web related logging consider setting the 'logging.level.web' property to 'DEBUG'
2021-07-02 16:21:07.961  INFO 13376 --- [restartedMain] o.s.b.w.embedded.tomcat.TomcatWebServer  : Tomcat initialized with port(s): 8080 (http)
2021-07-02 16:21:07.977  INFO 13376 --- [restartedMain] o.apache.catalina.core.StandardService   : Starting service [Tomcat]
2021-07-02 16:21:07.977  INFO 13376 --- [restartedMain] org.apache.catalina.core.StandardEngine  : Starting Servlet engine: [Apache Tomcat/9.0.48]
2021-07-02 16:21:08.093  INFO 13376 --- [restartedMain] o.a.c.c.C.[Tomcat].[localhost].[/]       : Initializing Spring embedded WebApplicationContext
2021-07-02 16:21:08.093  INFO 13376 --- [restartedMain] w.s.c.ServletWebServerApplicationContext : Root WebApplicationContext: initialization completed in 1094 ms
2021-07-02 16:21:08.479  INFO 13376 --- [restartedMain] o.s.b.d.a.OptionalLiveReloadServer       : LiveReload server is running on port 35729
2021-07-02 16:21:08.522  INFO 13376 --- [restartedMain] o.s.b.w.embedded.tomcat.TomcatWebServer  : Tomcat started on port(s): 8080 (http) with context path ''
2021-07-02 16:21:08.531  INFO 13376 --- [restartedMain] com.cherso.cripto.CriptoApplication      : Started CriptoApplication in 2.104 seconds (JVM running for 3.514)
2021-07-02 16:21:37.368  INFO 13376 --- [http-nio-8080-exec-1] o.a.c.c.C.[Tomcat].[localhost].[/]       : Initializing Spring DispatcherServlet 'dispatcherServlet'
2021-07-02 16:21:37.368  INFO 13376 --- [http-nio-8080-exec-1] o.s.web.servlet.DispatcherServlet        : Initializing Servlet 'dispatcherServlet'
2021-07-02 16:21:37.369  INFO 13376 --- [http-nio-8080-exec-1] o.s.web.servlet.DispatcherServlet        : Completed initialization in 1 ms
2021-07-02 16:21:39.191  INFO 13376 --- [http-nio-8080-exec-2] c.c.cripto.controllers.HomeController    : Ingreso HomeController con datos - moneda: USDT tiempo: 1 movimiento: 1
2021-07-02 16:21:39.191  INFO 13376 --- [http-nio-8080-exec-2] c.c.cripto.controllers.HomeController    : Ingreso al Home Service
2021-07-02 16:21:40.881  INFO 13376 --- [http-nio-8080-exec-2] c.c.cripto.controllers.HomeController    : Se intenta parsear el String
2021-07-02 16:24:41.968  INFO 20180 --- [restartedMain] com.cherso.cripto.CriptoApplication      : Starting CriptoApplication using Java 1.8.0_131 on SISTEMASP62 with PID 20180 (C:\REPO_GIT\cripto\target\classes started by cersosimof in C:\REPO_GIT\cripto)
2021-07-02 16:24:41.971  INFO 20180 --- [restartedMain] com.cherso.cripto.CriptoApplication      : No active profile set, falling back to default profiles: default
2021-07-02 16:24:42.028  INFO 20180 --- [restartedMain] .e.DevToolsPropertyDefaultsPostProcessor : Devtools property defaults active! Set 'spring.devtools.add-properties' to 'false' to disable
2021-07-02 16:24:42.028  INFO 20180 --- [restartedMain] .e.DevToolsPropertyDefaultsPostProcessor : For additional web related logging consider setting the 'logging.level.web' property to 'DEBUG'
2021-07-02 16:24:42.991  INFO 20180 --- [restartedMain] o.s.b.w.embedded.tomcat.TomcatWebServer  : Tomcat initialized with port(s): 8080 (http)
2021-07-02 16:24:43.003  INFO 20180 --- [restartedMain] o.apache.catalina.core.StandardService   : Starting service [Tomcat]
2021-07-02 16:24:43.004  INFO 20180 --- [restartedMain] org.apache.catalina.core.StandardEngine  : Starting Servlet engine: [Apache Tomcat/9.0.48]
2021-07-02 16:24:43.117  INFO 20180 --- [restartedMain] o.a.c.c.C.[Tomcat].[localhost].[/]       : Initializing Spring embedded WebApplicationContext
2021-07-02 16:24:43.117  INFO 20180 --- [restartedMain] w.s.c.ServletWebServerApplicationContext : Root WebApplicationContext: initialization completed in 1089 ms
2021-07-02 16:24:43.494  INFO 20180 --- [restartedMain] o.s.b.d.a.OptionalLiveReloadServer       : LiveReload server is running on port 35729
2021-07-02 16:24:43.524  INFO 20180 --- [restartedMain] o.s.b.w.embedded.tomcat.TomcatWebServer  : Tomcat started on port(s): 8080 (http) with context path ''
2021-07-02 16:24:43.539  INFO 20180 --- [restartedMain] com.cherso.cripto.CriptoApplication      : Started CriptoApplication in 2.081 seconds (JVM running for 3.252)
2021-07-02 16:25:12.802  INFO 20180 --- [http-nio-8080-exec-1] o.a.c.c.C.[Tomcat].[localhost].[/]       : Initializing Spring DispatcherServlet 'dispatcherServlet'
2021-07-02 16:25:12.802  INFO 20180 --- [http-nio-8080-exec-1] o.s.web.servlet.DispatcherServlet        : Initializing Servlet 'dispatcherServlet'
2021-07-02 16:25:12.803  INFO 20180 --- [http-nio-8080-exec-1] o.s.web.servlet.DispatcherServlet        : Completed initialization in 1 ms
2021-07-02 16:25:14.178  INFO 20180 --- [http-nio-8080-exec-2] c.c.cripto.controllers.HomeController    : Ingreso HomeController con datos - moneda: USDT tiempo: 1 movimiento: 1
2021-07-02 16:25:14.179  INFO 20180 --- [http-nio-8080-exec-2] c.c.cripto.controllers.HomeController    : Ingreso al Home Service
2021-07-02 16:25:18.065  INFO 20180 --- [http-nio-8080-exec-2] c.c.cripto.controllers.HomeController    : Se intenta parsear el String
2021-07-02 16:26:34.045  INFO 20180 --- [http-nio-8080-exec-4] c.c.cripto.controllers.HomeController    : Ingreso HomeController con datos - moneda: USDT tiempo: 1 movimiento: 1
2021-07-02 16:26:34.045  INFO 20180 --- [http-nio-8080-exec-4] c.c.cripto.controllers.HomeController    : Ingreso al Home Service
2021-07-02 16:26:35.710  INFO 20180 --- [http-nio-8080-exec-4] c.c.cripto.controllers.HomeController    : Se intenta parsear el String
2021-07-02 17:07:38.728  INFO 6268 --- [restartedMain] com.cherso.cripto.CriptoApplication      : Starting CriptoApplication using Java 1.8.0_131 on SISTEMASP62 with PID 6268 (C:\REPO_GIT\cripto\target\classes started by cersosimof in C:\REPO_GIT\cripto)
2021-07-02 17:07:38.731  INFO 6268 --- [restartedMain] com.cherso.cripto.CriptoApplication      : No active profile set, falling back to default profiles: default
2021-07-02 17:07:38.784  INFO 6268 --- [restartedMain] .e.DevToolsPropertyDefaultsPostProcessor : Devtools property defaults active! Set 'spring.devtools.add-properties' to 'false' to disable
2021-07-02 17:07:38.784  INFO 6268 --- [restartedMain] .e.DevToolsPropertyDefaultsPostProcessor : For additional web related logging consider setting the 'logging.level.web' property to 'DEBUG'
2021-07-02 17:07:39.721  INFO 6268 --- [restartedMain] o.s.b.w.embedded.tomcat.TomcatWebServer  : Tomcat initialized with port(s): 8080 (http)
2021-07-02 17:07:39.735  INFO 6268 --- [restartedMain] o.apache.catalina.core.StandardService   : Starting service [Tomcat]
2021-07-02 17:07:39.736  INFO 6268 --- [restartedMain] org.apache.catalina.core.StandardEngine  : Starting Servlet engine: [Apache Tomcat/9.0.48]
2021-07-02 17:07:39.845  INFO 6268 --- [restartedMain] o.a.c.c.C.[Tomcat].[localhost].[/]       : Initializing Spring embedded WebApplicationContext
2021-07-02 17:07:39.845  INFO 6268 --- [restartedMain] w.s.c.ServletWebServerApplicationContext : Root WebApplicationContext: initialization completed in 1060 ms
2021-07-02 17:07:40.221  INFO 6268 --- [restartedMain] o.s.b.d.a.OptionalLiveReloadServer       : LiveReload server is running on port 35729
2021-07-02 17:07:40.260  INFO 6268 --- [restartedMain] o.s.b.w.embedded.tomcat.TomcatWebServer  : Tomcat started on port(s): 8080 (http) with context path ''
2021-07-02 17:07:40.268  INFO 6268 --- [restartedMain] com.cherso.cripto.CriptoApplication      : Started CriptoApplication in 2.05 seconds (JVM running for 3.367)
2021-07-02 17:07:57.244  INFO 6268 --- [http-nio-8080-exec-1] o.a.c.c.C.[Tomcat].[localhost].[/]       : Initializing Spring DispatcherServlet 'dispatcherServlet'
2021-07-02 17:07:57.244  INFO 6268 --- [http-nio-8080-exec-1] o.s.web.servlet.DispatcherServlet        : Initializing Servlet 'dispatcherServlet'
2021-07-02 17:07:57.245  INFO 6268 --- [http-nio-8080-exec-1] o.s.web.servlet.DispatcherServlet        : Completed initialization in 1 ms
2021-07-02 17:07:58.383  INFO 6268 --- [http-nio-8080-exec-2] c.c.cripto.controllers.HomeController    : Ingreso HomeController con datos - moneda: USDT tiempo: 1 movimiento: 1
2021-07-02 17:07:58.384  INFO 6268 --- [http-nio-8080-exec-2] c.c.cripto.controllers.HomeController    : Ingreso al Home Service
2021-07-02 17:07:59.757  INFO 6268 --- [http-nio-8080-exec-2] c.c.cripto.controllers.HomeController    : Se intenta parsear el String
